Arguments: 
  C:\Program Files\nodejs\node.exe C:\Program Files (x86)\Yarn\bin\yarn.js add vitejs/vite-plugin-vue2

PATH: 
  C:\Program Files (x86)\Common Files\Oracle\Java\javapath;D:\VMware\bin\;C:\Program Files (x86)\Intel\Intel(R) Management Engine Components\iCLS\;C:\Program Files\Intel\Intel(R) Management Engine Components\iCLS\;C:\Windows\system32;C:\Windows;C:\Windows\System32\Wbem;C:\Windows\System32\WindowsPowerShell\v1.0\;C:\Windows\System32\OpenSSH\;C:\Program Files (x86)\Intel\Intel(R) Management Engine Components\DAL;C:\Program Files\Intel\Intel(R) Management Engine Components\DAL;C:\Program Files (x86)\Intel\Intel(R) Management Engine Components\IPT;C:\Program Files\Java\jdk1.8.0_301\bin;C:\Program Files\Intel\Intel(R) Management Engine Components\IPT;C:\Program Files (x86)\NVIDIA Corporation\PhysX\Common;C:\Program Files\NVIDIA Corporation\NVIDIA NvDLISR;C:\Program Files\Intel\WiFi\bin\;C:\Program Files\Common Files\Intel\WirelessCommon\;C:\WINDOWS\system32;C:\WINDOWS;C:\WINDOWS\System32\Wbem;C:\WINDOWS\System32\WindowsPowerShell\v1.0\;C:\WINDOWS\System32\OpenSSH\;C:\Program Files\Git\cmd;C:\Program Files\Java\jdk1.8.0_301\bin;C:\Program Files (x86)\Yarn\bin\;D:\sqlServer\Client SDK\ODBC\130\Tools\Binn\;D:\sqlServer\X86\140\Tools\Binn\;D:\sqlServer\140\Tools\Binn\;D:\sqlServer\140\DTS\Binn\;D:\sqlServer\X86\Client SDK\ODBC\130\Tools\Binn\;D:\sqlServer\X86\140\DTS\Binn\;D:\sqlServer\X86\140\Tools\Binn\ManagementStudio\;C:\Program Files\CMake\bin;D:\xftp 7\;D:\xshell 7\;C:\nvm\nvm;C:\Program Files\nodejs;C:\Program Files\MySQL\MySQL Shell 8.0\bin\;C:\Users\朱胜伟\AppData\Local\Microsoft\WindowsApps;C:\Program Files\Bandizip\;D:\Vs code\Microsoft VS Code\bin;C:\Users\朱胜伟\AppData\Roaming\npm;C:\Users\朱胜伟\AppData\Local\Yarn\bin;D:\QQ\QQgame\Hall.57814\;D:\MinGW64\include;D:\MinGW64\bin;D:\MinGW64\lib;D:\Intellij Idea\IntelliJ IDEA Community Edition 2022.2.2\bin;;D:\Clion\CLion 2022.3.3\bin;;C:\nvm\nvm;C:\Program Files\nodejs;D:\微信web开发者工具\dll;

Yarn version: 
  1.22.4

Node version: 
  16.13.1

Platform: 
  win32 x64

Trace: 
  Error: getaddrinfo ENOENT raw.githubusercontent.com
      at GetAddrInfoReqWrap.onlookup [as oncomplete] (node:dns:71:26)

npm manifest: 
  {
    "name": "online_wholesale_front",
    "private": true,
    "version": "0.0.0",
    "type": "module",
    "scripts": {
      "dev": "vite",
      "build": "vite build",
      "preview": "vite preview"
    },
    "dependencies": {
      "axios": "1.2.0",
      "echarts": "^5.4.2",
      "element-ui": "^2.9.2",
      "mockjs": "^1.1.0",
      "normalize": "^0.3.1",
      "nprogress": "^0.2.0",
      "vue": "2",
      "vue-router": "3",
      "vue-template-compiler": "^2.7.14",
      "vuex": "3"
    },
    "devDependencies": {
      "@vitejs/plugin-vue": "^4.1.0",
      "sass": "^1.63.6",
      "sass-loader": "^13.3.2",
      "vite": "^4.3.9"
    }
  }

yarn manifest: 
  No manifest

Lockfile: 
  # THIS IS AN AUTOGENERATED FILE. DO NOT EDIT THIS FILE DIRECTLY.
  # yarn lockfile v1
  
  
  "@adobe/css-tools@^4.0.1":
    "integrity" "sha512-E09FiIft46CmH5Qnjb0wsW54/YQd69LsxeKUOWawmws1XWvyFGURnAChH0mlr7YPFR1ofwvUQfcL0J3lMxXqPA=="
    "resolved" "https://registry.npmmirror.com/@adobe/css-tools/-/css-tools-4.2.0.tgz"
    "version" "4.2.0"
  
  "@ampproject/remapping@^2.2.0":
    "integrity" "sha512-lFMjJTrFL3j7L9yBxwYfCq2k6qqwHyzuUl/XBnif78PWTJYyL/dfowQHWE3sp6U6ZzqWiiIZnpTMO96zhkjwtg=="
    "resolved" "https://registry.npmmirror.com/@ampproject/remapping/-/remapping-2.2.1.tgz"
    "version" "2.2.1"
    dependencies:
      "@jridgewell/gen-mapping" "^0.3.0"
      "@jridgewell/trace-mapping" "^0.3.9"
  
  "@babel/code-frame@^7.22.5":
    "integrity" "sha512-Xmwn266vad+6DAqEB2A6V/CcZVp62BbwVmcOJc2RPuwih1kw02TjQvWVWlcKGbBPd+8/0V5DEkOcizRGYsspYQ=="
    "resolved" "https://registry.npmmirror.com/@babel/code-frame/-/code-frame-7.22.5.tgz"
    "version" "7.22.5"
    dependencies:
      "@babel/highlight" "^7.22.5"
  
  "@babel/compat-data@^7.20.5", "@babel/compat-data@^7.22.5":
    "integrity" "sha512-4Jc/YuIaYqKnDDz892kPIledykKg12Aw1PYX5i/TY28anJtacvM1Rrr8wbieB9GfEJwlzqT0hUEao0CxEebiDA=="
    "resolved" "https://registry.npmmirror.com/@babel/compat-data/-/compat-data-7.22.5.tgz"
    "version" "7.22.5"
  
  "@babel/core@^7.0.0", "@babel/core@^7.0.0-0", "@babel/core@^7.14.3", "@babel/core@^7.17.9":
    "integrity" "sha512-SBuTAjg91A3eKOvD+bPEz3LlhHZRNu1nFOVts9lzDJTXshHTjII0BAtDS3Y2DAkdZdDKWVZGVwkDfc4Clxn1dg=="
    "resolved" "https://registry.npmmirror.com/@babel/core/-/core-7.22.5.tgz"
    "version" "7.22.5"
    dependencies:
      "@ampproject/remapping" "^2.2.0"
      "@babel/code-frame" "^7.22.5"
      "@babel/generator" "^7.22.5"
      "@babel/helper-compilation-targets" "^7.22.5"
      "@babel/helper-module-transforms" "^7.22.5"
      "@babel/helpers" "^7.22.5"
      "@babel/parser" "^7.22.5"
      "@babel/template" "^7.22.5"
      "@babel/traverse" "^7.22.5"
      "@babel/types" "^7.22.5"
      "convert-source-map" "^1.7.0"
      "debug" "^4.1.0"
      "gensync" "^1.0.0-beta.2"
      "json5" "^2.2.2"
      "semver" "^6.3.0"
  
  "@babel/generator@^7.22.5":
    "integrity" "sha512-+lcUbnTRhd0jOewtFSedLyiPsD5tswKkbgcezOqqWFUVNEwoUTlpPOBmvhG7OXWLR4jMdv0czPGH5XbflnD1EA=="
    "resolved" "https://registry.npmmirror.com/@babel/generator/-/generator-7.22.5.tgz"
    "version" "7.22.5"
    dependencies:
      "@babel/types" "^7.22.5"
      "@jridgewell/gen-mapping" "^0.3.2"
      "@jridgewell/trace-mapping" "^0.3.17"
      "jsesc" "^2.5.1"
  
  "@babel/helper-annotate-as-pure@^7.22.5":
    "integrity" "sha512-LvBTxu8bQSQkcyKOU+a1btnNFQ1dMAd0R6PyW3arXes06F6QLWLIrd681bxRPIXlrMGR3XYnW9JyML7dP3qgxg=="
    "resolved" "https://registry.npmmirror.com/@babel/helper-annotate-as-pure/-/helper-annotate-as-pure-7.22.5.tgz"
    "version" "7.22.5"
    dependencies:
      "@babel/types" "^7.22.5"
  
  "@babel/helper-compilation-targets@^7.20.7", "@babel/helper-compilation-targets@^7.22.5":
    "integrity" "sha512-Ji+ywpHeuqxB8WDxraCiqR0xfhYjiDE/e6k7FuIaANnoOFxAHskHChz4vA1mJC9Lbm01s1PVAGhQY4FUKSkGZw=="
    "resolved" "https://registry.npmmirror.com/@babel/helper-compilation-targets/-/helper-compilation-targets-7.22.5.tgz"
    "version" "7.22.5"
    dependencies:
      "@babel/compat-data" "^7.22.5"
      "@babel/helper-validator-option" "^7.22.5"
      "browserslist" "^4.21.3"
      "lru-cache" "^5.1.1"
      "semver" "^6.3.0"
  
  "@babel/helper-create-class-features-plugin@^7.18.6", "@babel/helper-create-class-features-plugin@^7.22.5":
    "integrity" "sha512-xkb58MyOYIslxu3gKmVXmjTtUPvBU4odYzbiIQbWwLKIHCsx6UGZGX6F1IznMFVnDdirseUZopzN+ZRt8Xb33Q=="
    "resolved" "https://registry.npmmirror.com/@babel/helper-create-class-features-plugin/-/helper-create-class-features-plugin-7.22.5.tgz"
    "version" "7.22.5"
    dependencies:
      "@babel/helper-annotate-as-pure" "^7.22.5"
      "@babel/helper-environment-visitor" "^7.22.5"
      "@babel/helper-function-name" "^7.22.5"
      "@babel/helper-member-expression-to-functions" "^7.22.5"
      "@babel/helper-optimise-call-expression" "^7.22.5"
      "@babel/helper-replace-supers" "^7.22.5"
      "@babel/helper-skip-transparent-expression-wrappers" "^7.22.5"
      "@babel/helper-split-export-declaration" "^7.22.5"
      "semver" "^6.3.0"
  
  "@babel/helper-environment-visitor@^7.22.5":
    "integrity" "sha512-XGmhECfVA/5sAt+H+xpSg0mfrHq6FzNr9Oxh7PSEBBRUb/mL7Kz3NICXb194rCqAEdxkhPT1a88teizAFyvk8Q=="
    "resolved" "https://registry.npmmirror.com/@babel/helper-environment-visitor/-/helper-environment-visitor-7.22.5.tgz"
    "version" "7.22.5"
  
  "@babel/helper-function-name@^7.22.5":
    "integrity" "sha512-wtHSq6jMRE3uF2otvfuD3DIvVhOsSNshQl0Qrd7qC9oQJzHvOL4qQXlQn2916+CXGywIjpGuIkoyZRRxHPiNQQ=="
    "resolved" "https://registry.npmmirror.com/@babel/helper-function-name/-/helper-function-name-7.22.5.tgz"
    "version" "7.22.5"
    dependencies:
      "@babel/template" "^7.22.5"
      "@babel/types" "^7.22.5"
  
  "@babel/helper-hoist-variables@^7.22.5":
    "integrity" "sha512-wGjk9QZVzvknA6yKIUURb8zY3grXCcOZt+/7Wcy8O2uctxhplmUPkOdlgoNhmdVee2c92JXbf1xpMtVNbfoxRw=="
    "resolved" "https://registry.npmmirror.com/@babel/helper-hoist-variables/-/helper-hoist-variables-7.22.5.tgz"
    "version" "7.22.5"
    dependencies:
      "@babel/types" "^7.22.5"
  
  "@babel/helper-member-expression-to-functions@^7.22.5":
    "integrity" "sha512-aBiH1NKMG0H2cGZqspNvsaBe6wNGjbJjuLy29aU+eDZjSbbN53BaxlpB02xm9v34pLTZ1nIQPFYn2qMZoa5BQQ=="
    "resolved" "https://registry.npmmirror.com/@babel/helper-member-expression-to-functions/-/helper-member-expression-to-functions-7.22.5.tgz"
    "version" "7.22.5"
    dependencies:
      "@babel/types" "^7.22.5"
  
  "@babel/helper-module-imports@^7.0.0", "@babel/helper-module-imports@^7.22.5":
    "integrity" "sha512-8Dl6+HD/cKifutF5qGd/8ZJi84QeAKh+CEe1sBzz8UayBBGg1dAIJrdHOcOM5b2MpzWL2yuotJTtGjETq0qjXg=="
    "resolved" "https://registry.npmmirror.com/@babel/helper-module-imports/-/helper-module-imports-7.22.5.tgz"
    "version" "7.22.5"
    dependencies:
      "@babel/types" "^7.22.5"
  
  "@babel/helper-module-transforms@^7.22.5":
    "integrity" "sha512-+hGKDt/Ze8GFExiVHno/2dvG5IdstpzCq0y4Qc9OJ25D4q3pKfiIP/4Vp3/JvhDkLKsDK2api3q3fpIgiIF5bw=="
    "resolved" "https://registry.npmmirror.com/@babel/helper-module-transforms/-/helper-module-transforms-7.22.5.tgz"
    "version" "7.22.5"
    dependencies:
      "@babel/helper-environment-visitor" "^7.22.5"
      "@babel/helper-module-imports" "^7.22.5"
      "@babel/helper-simple-access" "^7.22.5"
      "@babel/helper-split-export-declaration" "^7.22.5"
      "@babel/helper-validator-identifier" "^7.22.5"
      "@babel/template" "^7.22.5"
      "@babel/traverse" "^7.22.5"
      "@babel/types" "^7.22.5"
  
  "@babel/helper-optimise-call-expression@^7.22.5":
    "integrity" "sha512-HBwaojN0xFRx4yIvpwGqxiV2tUfl7401jlok564NgB9EHS1y6QT17FmKWm4ztqjeVdXLuC4fSvHc5ePpQjoTbw=="
    "resolved" "https://registry.npmmirror.com/@babel/helper-optimise-call-expression/-/helper-optimise-call-expression-7.22.5.tgz"
    "version" "7.22.5"
    dependencies:
      "@babel/types" "^7.22.5"
  
  "@babel/helper-plugin-utils@^7.18.6", "@babel/helper-plugin-utils@^7.20.2", "@babel/helper-plugin-utils@^7.22.5", "@babel/helper-plugin-utils@^7.8.0":
    "integrity" "sha512-uLls06UVKgFG9QD4OeFYLEGteMIAa5kpTPcFL28yuCIIzsf6ZyKZMllKVOCZFhiZ5ptnwX4mtKdWCBE/uT4amg=="
    "resolved" "https://registry.npmmirror.com/@babel/helper-plugin-utils/-/helper-plugin-utils-7.22.5.tgz"
    "version" "7.22.5"
  
  "@babel/helper-replace-supers@^7.22.5":
    "integrity" "sha512-aLdNM5I3kdI/V9xGNyKSF3X/gTyMUBohTZ+/3QdQKAA9vxIiy12E+8E2HoOP1/DjeqU+g6as35QHJNMDDYpuCg=="
    "resolved" "https://registry.npmmirror.com/@babel/helper-replace-supers/-/helper-replace-supers-7.22.5.tgz"
    "version" "7.22.5"
    dependencies:
      "@babel/helper-environment-visitor" "^7.22.5"
      "@babel/helper-member-expression-to-functions" "^7.22.5"
      "@babel/helper-optimise-call-expression" "^7.22.5"
      "@babel/template" "^7.22.5"
      "@babel/traverse" "^7.22.5"
      "@babel/types" "^7.22.5"
  
  "@babel/helper-simple-access@^7.22.5":
    "integrity" "sha512-n0H99E/K+Bika3++WNL17POvo4rKWZ7lZEp1Q+fStVbUi8nxPQEBOlTmCOxW/0JsS56SKKQ+ojAe2pHKJHN35w=="
    "resolved" "https://registry.npmmirror.com/@babel/helper-simple-access/-/helper-simple-access-7.22.5.tgz"
    "version" "7.22.5"
    dependencies:
      "@babel/types" "^7.22.5"
  
  "@babel/helper-skip-transparent-expression-wrappers@^7.20.0", "@babel/helper-skip-transparent-expression-wrappers@^7.22.5":
    "integrity" "sha512-tK14r66JZKiC43p8Ki33yLBVJKlQDFoA8GYN67lWCDCqoL6EMMSuM9b+Iff2jHaM/RRFYl7K+iiru7hbRqNx8Q=="
    "resolved" "https://registry.npmmirror.com/@babel/helper-skip-transparent-expression-wrappers/-/helper-skip-transparent-expression-wrappers-7.22.5.tgz"
    "version" "7.22.5"
    dependencies:
      "@babel/types" "^7.22.5"
  
  "@babel/helper-split-export-declaration@^7.22.5":
    "integrity" "sha512-thqK5QFghPKWLhAV321lxF95yCg2K3Ob5yw+M3VHWfdia0IkPXUtoLH8x/6Fh486QUvzhb8YOWHChTVen2/PoQ=="
    "resolved" "https://registry.npmmirror.com/@babel/helper-split-export-declaration/-/helper-split-export-declaration-7.22.5.tgz"
    "version" "7.22.5"
    dependencies:
      "@babel/types" "^7.22.5"
  
  "@babel/helper-string-parser@^7.22.5":
    "integrity" "sha512-mM4COjgZox8U+JcXQwPijIZLElkgEpO5rsERVDJTc2qfCDfERyob6k5WegS14SX18IIjv+XD+GrqNumY5JRCDw=="
    "resolved" "https://registry.npmmirror.com/@babel/helper-string-parser/-/helper-string-parser-7.22.5.tgz"
    "version" "7.22.5"
  
  "@babel/helper-validator-identifier@^7.22.5":
    "integrity" "sha512-aJXu+6lErq8ltp+JhkJUfk1MTGyuA4v7f3pA+BJ5HLfNC6nAQ0Cpi9uOquUj8Hehg0aUiHzWQbOVJGao6ztBAQ=="
    "resolved" "https://registry.npmmirror.com/@babel/helper-validator-identifier/-/helper-validator-identifier-7.22.5.tgz"
    "version" "7.22.5"
  
  "@babel/helper-validator-option@^7.22.5":
    "integrity" "sha512-R3oB6xlIVKUnxNUxbmgq7pKjxpru24zlimpE8WK47fACIlM0II/Hm1RS8IaOI7NgCr6LNS+jl5l75m20npAziw=="
    "resolved" "https://registry.npmmirror.com/@babel/helper-validator-option/-/helper-validator-option-7.22.5.tgz"
    "version" "7.22.5"
  
  "@babel/helpers@^7.22.5":
    "integrity" "sha512-pSXRmfE1vzcUIDFQcSGA5Mr+GxBV9oiRKDuDxXvWQQBCh8HoIjs/2DlDB7H8smac1IVrB9/xdXj2N3Wol9Cr+Q=="
    "resolved" "https://registry.npmmirror.com/@babel/helpers/-/helpers-7.22.5.tgz"
    "version" "7.22.5"
    dependencies:
      "@babel/template" "^7.22.5"
      "@babel/traverse" "^7.22.5"
      "@babel/types" "^7.22.5"
  
  "@babel/highlight@^7.22.5":
    "integrity" "sha512-BSKlD1hgnedS5XRnGOljZawtag7H1yPfQp0tdNJCHoH6AZ+Pcm9VvkrK59/Yy593Ypg0zMxH2BxD1VPYUQ7UIw=="
    "resolved" "https://registry.npmmirror.com/@babel/highlight/-/highlight-7.22.5.tgz"
    "version" "7.22.5"
    dependencies:
      "@babel/helper-validator-identifier" "^7.22.5"
      "chalk" "^2.0.0"
      "js-tokens" "^4.0.0"
  
  "@babel/parser@^7.17.9", "@babel/parser@^7.18.4", "@babel/parser@^7.22.5":
    "integrity" "sha512-DFZMC9LJUG9PLOclRC32G63UXwzqS2koQC8dkx+PLdmt1xSePYpbT/NbsrJy8Q/muXz7o/h/d4A7Fuyixm559Q=="
    "resolved" "https://registry.npmmirror.com/@babel/parser/-/parser-7.22.5.tgz"
    "version" "7.22.5"
  
  "@babel/plugin-proposal-class-properties@^7.16.7":
    "integrity" "sha512-cumfXOF0+nzZrrN8Rf0t7M+tF6sZc7vhQwYQck9q1/5w2OExlD+b4v4RpMJFaV1Z7WcDRgO6FqvxqxGlwo+RHQ=="
    "resolved" "https://registry.npmmirror.com/@babel/plugin-proposal-class-properties/-/plugin-proposal-class-properties-7.18.6.tgz"
    "version" "7.18.6"
    dependencies:
      "@babel/helper-create-class-features-plugin" "^7.18.6"
      "@babel/helper-plugin-utils" "^7.18.6"
  
  "@babel/plugin-proposal-decorators@^7.17.9":
    "integrity" "sha512-h8hlezQ4dl6ixodgXkH8lUfcD7x+WAuIqPUjwGoItynrXOAv4a4Tci1zA/qjzQjjcl0v3QpLdc2LM6ZACQuY7A=="
    "resolved" "https://registry.npmmirror.com/@babel/plugin-proposal-decorators/-/plugin-proposal-decorators-7.22.5.tgz"
    "version" "7.22.5"
    dependencies:
      "@babel/helper-create-class-features-plugin" "^7.22.5"
      "@babel/helper-plugin-utils" "^7.22.5"
      "@babel/helper-replace-supers" "^7.22.5"
      "@babel/helper-split-export-declaration" "^7.22.5"
      "@babel/plugin-syntax-decorators" "^7.22.5"
  
  "@babel/plugin-proposal-nullish-coalescing-operator@^7.14.5", "@babel/plugin-proposal-nullish-coalescing-operator@^7.16.7":
    "integrity" "sha512-wQxQzxYeJqHcfppzBDnm1yAY0jSRkUXR2z8RePZYrKwMKgMlE8+Z6LUno+bd6LvbGh8Gltvy74+9pIYkr+XkKA=="
    "resolved" "https://registry.npmmirror.com/@babel/plugin-proposal-nullish-coalescing-operator/-/plugin-proposal-nullish-coalescing-operator-7.18.6.tgz"
    "version" "7.18.6"
    dependencies:
      "@babel/helper-plugin-utils" "^7.18.6"
      "@babel/plugin-syntax-nullish-coalescing-operator" "^7.8.3"
  
  "@babel/plugin-proposal-object-rest-spread@^7.15.6", "@babel/plugin-proposal-object-rest-spread@^7.17.3":
    "integrity" "sha512-d2S98yCiLxDVmBmE8UjGcfPvNEUbA1U5q5WxaWFUGRzJSVAZqm5W6MbPct0jxnegUZ0niLeNX+IOzEs7wYg9Dg=="
    "resolved" "https://registry.npmmirror.com/@babel/plugin-proposal-object-rest-spread/-/plugin-proposal-object-rest-spread-7.20.7.tgz"
    "version" "7.20.7"
    dependencies:
      "@babel/compat-data" "^7.20.5"
      "@babel/helper-compilation-targets" "^7.20.7"
      "@babel/helper-plugin-utils" "^7.20.2"
      "@babel/plugin-syntax-object-rest-spread" "^7.8.3"
      "@babel/plugin-transform-parameters" "^7.20.7"
  
  "@babel/plugin-proposal-optional-chaining@^7.14.2", "@babel/plugin-proposal-optional-chaining@^7.16.7":
    "integrity" "sha512-p4zeefM72gpmEe2fkUr/OnOXpWEf8nAgk7ZYVqqfFiyIG7oFfVZcCrU64hWn5xp4tQ9LkV4bTIa5rD0KANpKNA=="
    "resolved" "https://registry.npmmirror.com/@babel/plugin-proposal-optional-chaining/-/plugin-proposal-optional-chaining-7.21.0.tgz"
    "version" "7.21.0"
    dependencies:
      "@babel/helper-plugin-utils" "^7.20.2"
      "@babel/helper-skip-transparent-expression-wrappers" "^7.20.0"
      "@babel/plugin-syntax-optional-chaining" "^7.8.3"
  
  "@babel/plugin-syntax-decorators@^7.22.5":
    "integrity" "sha512-avpUOBS7IU6al8MmF1XpAyj9QYeLPuSDJI5D4pVMSMdL7xQokKqJPYQC67RCT0aCTashUXPiGwMJ0DEXXCEmMA=="
    "resolved" "https://registry.npmmirror.com/@babel/plugin-syntax-decorators/-/plugin-syntax-decorators-7.22.5.tgz"
    "version" "7.22.5"
    dependencies:
      "@babel/helper-plugin-utils" "^7.22.5"
  
  "@babel/plugin-syntax-jsx@^7.2.0":
    "integrity" "sha512-gvyP4hZrgrs/wWMaocvxZ44Hw0b3W8Pe+cMxc8V1ULQ07oh8VNbIRaoD1LRZVTvD+0nieDKjfgKg89sD7rrKrg=="
    "resolved" "https://registry.npmmirror.com/@babel/plugin-syntax-jsx/-/plugin-syntax-jsx-7.22.5.tgz"
    "version" "7.22.5"
    dependencies:
      "@babel/helper-plugin-utils" "^7.22.5"
  
  "@babel/plugin-syntax-nullish-coalescing-operator@^7.8.3":
    "integrity" "sha512-aSff4zPII1u2QD7y+F8oDsz19ew4IGEJg9SVW+bqwpwtfFleiQDMdzA/R+UlWDzfnHFCxxleFT0PMIrR36XLNQ=="
    "resolved" "https://registry.npmmirror.com/@babel/plugin-syntax-nullish-coalescing-operator/-/plugin-syntax-nullish-coalescing-operator-7.8.3.tgz"
    "version" "7.8.3"
    dependencies:
      "@babel/helper-plugin-utils" "^7.8.0"
  
  "@babel/plugin-syntax-object-rest-spread@^7.8.3":
    "integrity" "sha512-XoqMijGZb9y3y2XskN+P1wUGiVwWZ5JmoDRwx5+3GmEplNyVM2s2Dg8ILFQm8rWM48orGy5YpI5Bl8U1y7ydlA=="
    "resolved" "https://registry.npmmirror.com/@babel/plugin-syntax-object-rest-spread/-/plugin-syntax-object-rest-spread-7.8.3.tgz"
    "version" "7.8.3"
    dependencies:
      "@babel/helper-plugin-utils" "^7.8.0"
  
  "@babel/plugin-syntax-optional-chaining@^7.8.3":
    "integrity" "sha512-KoK9ErH1MBlCPxV0VANkXW2/dw4vlbGDrFgz8bmUsBGYkFRcbRwMh6cIJubdPrkxRwuGdtCk0v/wPTKbQgBjkg=="
    "resolved" "https://registry.npmmirror.com/@babel/plugin-syntax-optional-chaining/-/plugin-syntax-optional-chaining-7.8.3.tgz"
    "version" "7.8.3"
    dependencies:
      "@babel/helper-plugin-utils" "^7.8.0"
  
  "@babel/plugin-syntax-typescript@^7.22.5":
    "integrity" "sha512-1mS2o03i7t1c6VzH6fdQ3OA8tcEIxwG18zIPRp+UY1Ihv6W+XZzBCVxExF9upussPXJ0xE9XRHwMoNs1ep/nRQ=="
    "resolved" "https://registry.npmmirror.com/@babel/plugin-syntax-typescript/-/plugin-syntax-typescript-7.22.5.tgz"
    "version" "7.22.5"
    dependencies:
      "@babel/helper-plugin-utils" "^7.22.5"
  
  "@babel/plugin-transform-arrow-functions@^7.14.5", "@babel/plugin-transform-arrow-functions@^7.16.7":
    "integrity" "sha512-26lTNXoVRdAnsaDXPpvCNUq+OVWEVC6bx7Vvz9rC53F2bagUWW4u4ii2+h8Fejfh7RYqPxn+libeFBBck9muEw=="
    "resolved" "https://registry.npmmirror.com/@babel/plugin-transform-arrow-functions/-/plugin-transform-arrow-functions-7.22.5.tgz"
    "version" "7.22.5"
    dependencies:
      "@babel/helper-plugin-utils" "^7.22.5"
  
  "@babel/plugin-transform-block-scoping@^7.14.5", "@babel/plugin-transform-block-scoping@^7.16.7":
    "integrity" "sha512-EcACl1i5fSQ6bt+YGuU/XGCeZKStLmyVGytWkpyhCLeQVA0eu6Wtiw92V+I1T/hnezUv7j74dA/Ro69gWcU+hg=="
    "resolved" "https://registry.npmmirror.com/@babel/plugin-transform-block-scoping/-/plugin-transform-block-scoping-7.22.5.tgz"
    "version" "7.22.5"
    dependencies:
      "@babel/helper-plugin-utils" "^7.22.5"
  
  "@babel/plugin-transform-computed-properties@^7.14.5", "@babel/plugin-transform-computed-properties@^7.16.7":
    "integrity" "sha512-4GHWBgRf0krxPX+AaPtgBAlTgTeZmqDynokHOX7aqqAB4tHs3U2Y02zH6ETFdLZGcg9UQSD1WCmkVrE9ErHeOg=="
    "resolved" "https://registry.npmmirror.com/@babel/plugin-transform-computed-properties/-/plugin-transform-computed-properties-7.22.5.tgz"
    "version" "7.22.5"
    dependencies:
      "@babel/helper-plugin-utils" "^7.22.5"
      "@babel/template" "^7.22.5"
  
  "@babel/plugin-transform-destructuring@^7.14.5", "@babel/plugin-transform-destructuring@^7.17.7":
    "integrity" "sha512-GfqcFuGW8vnEqTUBM7UtPd5A4q797LTvvwKxXTgRsFjoqaJiEg9deBG6kWeQYkVEL569NpnmpC0Pkr/8BLKGnQ=="
    "resolved" "https://registry.npmmirror.com/@babel/plugin-transform-destructuring/-/plugin-transform-destructuring-7.22.5.tgz"
    "version" "7.22.5"
    dependencies:
      "@babel/helper-plugin-utils" "^7.22.5"
  
  "@babel/plugin-transform-parameters@^7.14.5", "@babel/plugin-transform-parameters@^7.16.7", "@babel/plugin-transform-parameters@^7.20.7":
    "integrity" "sha512-AVkFUBurORBREOmHRKo06FjHYgjrabpdqRSwq6+C7R5iTCZOsM4QbcB27St0a4U6fffyAOqh3s/qEfybAhfivg=="
    "resolved" "https://registry.npmmirror.com/@babel/plugin-transform-parameters/-/plugin-transform-parameters-7.22.5.tgz"
    "version" "7.22.5"
    dependencies:
      "@babel/helper-plugin-utils" "^7.22.5"
  
  "@babel/plugin-transform-spread@^7.14.5", "@babel/plugin-transform-spread@^7.16.7":
    "integrity" "sha512-5ZzDQIGyvN4w8+dMmpohL6MBo+l2G7tfC/O2Dg7/hjpgeWvUx8FzfeOKxGog9IimPa4YekaQ9PlDqTLOljkcxg=="
    "resolved" "https://registry.npmmirror.com/@babel/plugin-transform-spread/-/plugin-transform-spread-7.22.5.tgz"
    "version" "7.22.5"
    dependencies:
      "@babel/helper-plugin-utils" "^7.22.5"
      "@babel/helper-skip-transparent-expression-wrappers" "^7.22.5"
  
  "@babel/plugin-transform-typescript@^7.16.8":
    "integrity" "sha512-SMubA9S7Cb5sGSFFUlqxyClTA9zWJ8qGQrppNUm05LtFuN1ELRFNndkix4zUJrC9F+YivWwa1dHMSyo0e0N9dA=="
    "resolved" "https://registry.npmmirror.com/@babel/plugin-transform-typescript/-/plugin-transform-typescript-7.22.5.tgz"
    "version" "7.22.5"
    dependencies:
      "@babel/helper-annotate-as-pure" "^7.22.5"
      "@babel/helper-create-class-features-plugin" "^7.22.5"
      "@babel/helper-plugin-utils" "^7.22.5"
      "@babel/plugin-syntax-typescript" "^7.22.5"
  
  "@babel/template@^7.22.5":
    "integrity" "sha512-X7yV7eiwAxdj9k94NEylvbVHLiVG1nvzCV2EAowhxLTwODV1jl9UzZ48leOC0sH7OnuHrIkllaBgneUykIcZaw=="
    "resolved" "https://registry.npmmirror.com/@babel/template/-/template-7.22.5.tgz"
    "version" "7.22.5"
    dependencies:
      "@babel/code-frame" "^7.22.5"
      "@babel/parser" "^7.22.5"
      "@babel/types" "^7.22.5"
  
  "@babel/traverse@^7.22.5":
    "integrity" "sha512-7DuIjPgERaNo6r+PZwItpjCZEa5vyw4eJGufeLxrPdBXBoLcCJCIasvK6pK/9DVNrLZTLFhUGqaC6X/PA007TQ=="
    "resolved" "https://registry.npmmirror.com/@babel/traverse/-/traverse-7.22.5.tgz"
    "version" "7.22.5"
    dependencies:
      "@babel/code-frame" "^7.22.5"
      "@babel/generator" "^7.22.5"
      "@babel/helper-environment-visitor" "^7.22.5"
      "@babel/helper-function-name" "^7.22.5"
      "@babel/helper-hoist-variables" "^7.22.5"
      "@babel/helper-split-export-declaration" "^7.22.5"
      "@babel/parser" "^7.22.5"
      "@babel/types" "^7.22.5"
      "debug" "^4.1.0"
      "globals" "^11.1.0"
  
  "@babel/types@^7.14.5", "@babel/types@^7.22.5":
    "integrity" "sha512-zo3MIHGOkPOfoRXitsgHLjEXmlDaD/5KU1Uzuc9GNiZPhSqVxVRtxuPaSBZDsYZ9qV88AjtMtWW7ww98loJ9KA=="
    "resolved" "https://registry.npmmirror.com/@babel/types/-/types-7.22.5.tgz"
    "version" "7.22.5"
    dependencies:
      "@babel/helper-string-parser" "^7.22.5"
      "@babel/helper-validator-identifier" "^7.22.5"
      "to-fast-properties" "^2.0.0"
  
  "@esbuild/win32-x64@0.17.19":
    "integrity" "sha512-lAhycmKnVOuRYNtRtatQR1LPQf2oYCkRGkSFnseDAKPl8lu5SOsK/e1sXe5a0Pc5kHIHe6P2I/ilntNv2xf3cA=="
    "resolved" "https://registry.npmmirror.com/@esbuild/win32-x64/-/win32-x64-0.17.19.tgz"
    "version" "0.17.19"
  
  "@jridgewell/gen-mapping@^0.3.0", "@jridgewell/gen-mapping@^0.3.2":
    "integrity" "sha512-HLhSWOLRi875zjjMG/r+Nv0oCW8umGb0BgEhyX3dDX3egwZtB8PqLnjz3yedt8R5StBrzcg4aBpnh8UA9D1BoQ=="
    "resolved" "https://registry.npmmirror.com/@jridgewell/gen-mapping/-/gen-mapping-0.3.3.tgz"
    "version" "0.3.3"
    dependencies:
      "@jridgewell/set-array" "^1.0.1"
      "@jridgewell/sourcemap-codec" "^1.4.10"
      "@jridgewell/trace-mapping" "^0.3.9"
  
  "@jridgewell/resolve-uri@3.1.0":
    "integrity" "sha512-F2msla3tad+Mfht5cJq7LSXcdudKTWCVYUgw6pLFOOHSTtZlj6SWNYAp+AhuqLmWdBO2X5hPrLcu8cVP8fy28w=="
    "resolved" "https://registry.npmmirror.com/@jridgewell/resolve-uri/-/resolve-uri-3.1.0.tgz"
    "version" "3.1.0"
  
  "@jridgewell/set-array@^1.0.1":
    "integrity" "sha512-xnkseuNADM0gt2bs+BvhO0p78Mk762YnZdsuzFV018NoG1Sj1SCQvpSqa7XUaTam5vAGasABV9qXASMKnFMwMw=="
    "resolved" "https://registry.npmmirror.com/@jridgewell/set-array/-/set-array-1.1.2.tgz"
    "version" "1.1.2"
  
  "@jridgewell/sourcemap-codec@^1.4.10":
    "integrity" "sha512-eF2rxCRulEKXHTRiDrDy6erMYWqNw4LPdQ8UQA4huuxaQsVeRPFl2oM8oDGxMFhJUWZf9McpLtJasDDZb/Bpeg=="
    "resolved" "https://registry.npmmirror.com/@jridgewell/sourcemap-codec/-/sourcemap-codec-1.4.15.tgz"
    "version" "1.4.15"
  
  "@jridgewell/sourcemap-codec@1.4.14":
    "integrity" "sha512-XPSJHWmi394fuUuzDnGz1wiKqWfo1yXecHQMRf2l6hztTO+nPru658AyDngaBe7isIxEkRsPR3FZh+s7iVa4Uw=="
    "resolved" "https://registry.npmmirror.com/@jridgewell/sourcemap-codec/-/sourcemap-codec-1.4.14.tgz"
    "version" "1.4.14"
  
  "@jridgewell/trace-mapping@^0.3.17", "@jridgewell/trace-mapping@^0.3.9":
    "integrity" "sha512-w+niJYzMHdd7USdiH2U6869nqhD2nbfZXND5Yp93qIbEmnDNk7PD48o+YchRVpzMU7M6jVCbenTR7PA1FLQ9pA=="
    "resolved" "https://registry.npmmirror.com/@jridgewell/trace-mapping/-/trace-mapping-0.3.18.tgz"
    "version" "0.3.18"
    dependencies:
      "@jridgewell/resolve-uri" "3.1.0"
      "@jridgewell/sourcemap-codec" "1.4.14"
  
  "@rollup/pluginutils@^4.2.1":
    "integrity" "sha512-iKnFXr7NkdZAIHiIWE+BX5ULi/ucVFYWD6TbAV+rZctiRTY2PL6tsIKhoIOaoskiWAkgu+VsbXgUVDNLHf+InQ=="
    "resolved" "https://registry.npmmirror.com/@rollup/pluginutils/-/pluginutils-4.2.1.tgz"
    "version" "4.2.1"
    dependencies:
      "estree-walker" "^2.0.1"
      "picomatch" "^2.2.2"
  
  "@vitejs/plugin-vue@^4.1.0":
    "integrity" "sha512-R6JDUfiZbJA9cMiguQ7jxALsgiprjBeHL5ikpXfJCH62pPHtI+JdJ5xWj6Ev73yXSlYl86+blXn1kZHQ7uElxw=="
    "resolved" "https://registry.npmmirror.com/@vitejs/plugin-vue/-/plugin-vue-4.2.3.tgz"
    "version" "4.2.3"
  
  "@vue/babel-helper-vue-jsx-merge-props@^1.2.1", "@vue/babel-helper-vue-jsx-merge-props@^1.4.0":
    "integrity" "sha512-JkqXfCkUDp4PIlFdDQ0TdXoIejMtTHP67/pvxlgeY+u5k3LEdKuWZ3LK6xkxo52uDoABIVyRwqVkfLQJhk7VBA=="
    "resolved" "https://registry.npmmirror.com/@vue/babel-helper-vue-jsx-merge-props/-/babel-helper-vue-jsx-merge-props-1.4.0.tgz"
    "version" "1.4.0"
  
  "@vue/babel-plugin-transform-vue-jsx@^1.4.0":
    "integrity" "sha512-Fmastxw4MMx0vlgLS4XBX0XiBbUFzoMGeVXuMV08wyOfXdikAFqBTuYPR0tlk+XskL19EzHc39SgjrPGY23JnA=="
    "resolved" "https://registry.npmmirror.com/@vue/babel-plugin-transform-vue-jsx/-/babel-plugin-transform-vue-jsx-1.4.0.tgz"
    "version" "1.4.0"
    dependencies:
      "@babel/helper-module-imports" "^7.0.0"
      "@babel/plugin-syntax-jsx" "^7.2.0"
      "@vue/babel-helper-vue-jsx-merge-props" "^1.4.0"
      "html-tags" "^2.0.0"
      "lodash.kebabcase" "^4.1.1"
      "svg-tags" "^1.0.0"
  
  "@vue/babel-preset-jsx@^1.2.4":
    "integrity" "sha512-QmfRpssBOPZWL5xw7fOuHNifCQcNQC1PrOo/4fu6xlhlKJJKSA3HqX92Nvgyx8fqHZTUGMPHmFA+IDqwXlqkSA=="
    "resolved" "https://registry.npmmirror.com/@vue/babel-preset-jsx/-/babel-preset-jsx-1.4.0.tgz"
    "version" "1.4.0"
    dependencies:
      "@vue/babel-helper-vue-jsx-merge-props" "^1.4.0"
      "@vue/babel-plugin-transform-vue-jsx" "^1.4.0"
      "@vue/babel-sugar-composition-api-inject-h" "^1.4.0"
      "@vue/babel-sugar-composition-api-render-instance" "^1.4.0"
      "@vue/babel-sugar-functional-vue" "^1.4.0"
      "@vue/babel-sugar-inject-h" "^1.4.0"
      "@vue/babel-sugar-v-model" "^1.4.0"
      "@vue/babel-sugar-v-on" "^1.4.0"
  
  "@vue/babel-sugar-composition-api-inject-h@^1.4.0":
    "integrity" "sha512-VQq6zEddJHctnG4w3TfmlVp5FzDavUSut/DwR0xVoe/mJKXyMcsIibL42wPntozITEoY90aBV0/1d2KjxHU52g=="
    "resolved" "https://registry.npmmirror.com/@vue/babel-sugar-composition-api-inject-h/-/babel-sugar-composition-api-inject-h-1.4.0.tgz"
    "version" "1.4.0"
    dependencies:
      "@babel/plugin-syntax-jsx" "^7.2.0"
  
  "@vue/babel-sugar-composition-api-render-instance@^1.4.0":
    "integrity" "sha512-6ZDAzcxvy7VcnCjNdHJ59mwK02ZFuP5CnucloidqlZwVQv5CQLijc3lGpR7MD3TWFi78J7+a8J56YxbCtHgT9Q=="
    "resolved" "https://registry.npmmirror.com/@vue/babel-sugar-composition-api-render-instance/-/babel-sugar-composition-api-render-instance-1.4.0.tgz"
    "version" "1.4.0"
    dependencies:
      "@babel/plugin-syntax-jsx" "^7.2.0"
  
  "@vue/babel-sugar-functional-vue@^1.4.0":
    "integrity" "sha512-lTEB4WUFNzYt2In6JsoF9sAYVTo84wC4e+PoZWSgM6FUtqRJz7wMylaEhSRgG71YF+wfLD6cc9nqVeXN2rwBvw=="
    "resolved" "https://registry.npmmirror.com/@vue/babel-sugar-functional-vue/-/babel-sugar-functional-vue-1.4.0.tgz"
    "version" "1.4.0"
    dependencies:
      "@babel/plugin-syntax-jsx" "^7.2.0"
  
  "@vue/babel-sugar-inject-h@^1.4.0":
    "integrity" "sha512-muwWrPKli77uO2fFM7eA3G1lAGnERuSz2NgAxuOLzrsTlQl8W4G+wwbM4nB6iewlKbwKRae3nL03UaF5ffAPMA=="
    "resolved" "https://registry.npmmirror.com/@vue/babel-sugar-inject-h/-/babel-sugar-inject-h-1.4.0.tgz"
    "version" "1.4.0"
    dependencies:
      "@babel/plugin-syntax-jsx" "^7.2.0"
  
  "@vue/babel-sugar-v-model@^1.4.0":
    "integrity" "sha512-0t4HGgXb7WHYLBciZzN5s0Hzqan4Ue+p/3FdQdcaHAb7s5D9WZFGoSxEZHrR1TFVZlAPu1bejTKGeAzaaG3NCQ=="
    "resolved" "https://registry.npmmirror.com/@vue/babel-sugar-v-model/-/babel-sugar-v-model-1.4.0.tgz"
    "version" "1.4.0"
    dependencies:
      "@babel/plugin-syntax-jsx" "^7.2.0"
      "@vue/babel-helper-vue-jsx-merge-props" "^1.4.0"
      "@vue/babel-plugin-transform-vue-jsx" "^1.4.0"
      "camelcase" "^5.0.0"
      "html-tags" "^2.0.0"
      "svg-tags" "^1.0.0"
  
  "@vue/babel-sugar-v-on@^1.4.0":
    "integrity" "sha512-m+zud4wKLzSKgQrWwhqRObWzmTuyzl6vOP7024lrpeJM4x2UhQtRDLgYjXAw9xBXjCwS0pP9kXjg91F9ZNo9JA=="
    "resolved" "https://registry.npmmirror.com/@vue/babel-sugar-v-on/-/babel-sugar-v-on-1.4.0.tgz"
    "version" "1.4.0"
    dependencies:
      "@babel/plugin-syntax-jsx" "^7.2.0"
      "@vue/babel-plugin-transform-vue-jsx" "^1.4.0"
      "camelcase" "^5.0.0"
  
  "@vue/compiler-sfc@2.7.14":
    "integrity" "sha512-aNmNHyLPsw+sVvlQFQ2/8sjNuLtK54TC6cuKnVzAY93ks4ZBrvwQSnkkIh7bsbNhum5hJBS00wSDipQ937f5DA=="
    "resolved" "https://registry.npmmirror.com/@vue/compiler-sfc/-/compiler-sfc-2.7.14.tgz"
    "version" "2.7.14"
    dependencies:
      "@babel/parser" "^7.18.4"
      "postcss" "^8.4.14"
      "source-map" "^0.6.1"
  
  "@vue/component-compiler-utils@^3.3.0":
    "integrity" "sha512-97sfH2mYNU+2PzGrmK2haqffDpVASuib9/w2/noxiFi31Z54hW+q3izKQXXQZSNhtiUpAI36uSuYepeBe4wpHQ=="
    "resolved" "https://registry.npmmirror.com/@vue/component-compiler-utils/-/component-compiler-utils-3.3.0.tgz"
    "version" "3.3.0"
    dependencies:
      "consolidate" "^0.15.1"
      "hash-sum" "^1.0.2"
      "lru-cache" "^4.1.2"
      "merge-source-map" "^1.1.0"
      "postcss" "^7.0.36"
      "postcss-selector-parser" "^6.0.2"
      "source-map" "~0.6.1"
      "vue-template-es2015-compiler" "^1.9.0"
    optionalDependencies:
      "prettier" "^1.18.2 || ^2.0.0"
  
  "ansi-styles@^3.2.1":
    "integrity" "sha512-VT0ZI6kZRdTh8YyJw3SMbYm/u+NqfsAxEpWO0Pf9sq8/e94WxxOpPKx9FR1FlyCtOVDNOQ+8ntlqFxiRc+r5qA=="
    "resolved" "https://registry.npmmirror.com/ansi-styles/-/ansi-styles-3.2.1.tgz"
    "version" "3.2.1"
    dependencies:
      "color-convert" "^1.9.0"
  
  "anymatch@~3.1.2":
    "integrity" "sha512-KMReFUr0B4t+D+OBkjR3KYqvocp2XaSzO55UcB6mgQMd3KbcE+mWTyvVV7D/zsdEbNnV6acZUutkiHQXvTr1Rw=="
    "resolved" "https://registry.npmmirror.com/anymatch/-/anymatch-3.1.3.tgz"
    "version" "3.1.3"
    dependencies:
      "normalize-path" "^3.0.0"
      "picomatch" "^2.0.4"
  
  "async-validator@~1.8.1":
    "integrity" "sha512-tXBM+1m056MAX0E8TL2iCjg8WvSyXu0Zc8LNtYqrVeyoL3+esHRZ4SieE9fKQyyU09uONjnMEjrNBMqT0mbvmA=="
    "resolved" "https://registry.npmmirror.com/async-validator/-/async-validator-1.8.5.tgz"
    "version" "1.8.5"
    dependencies:
      "babel-runtime" "6.x"
  
  "asynckit@^0.4.0":
    "integrity" "sha512-Oei9OH4tRh0YqU3GxhX79dM/mwVgvbZJaSNaRk+bshkj0S5cfHcgYakreBjrHwatXKbz+IoIdYLxrKim2MjW0Q=="
    "resolved" "https://registry.npmmirror.com/asynckit/-/asynckit-0.4.0.tgz"
    "version" "0.4.0"
  
  "axios@1.2.0":
    "integrity" "sha512-zT7wZyNYu3N5Bu0wuZ6QccIf93Qk1eV8LOewxgjOZFd2DenOs98cJ7+Y6703d0wkaXGY6/nZd4EweJaHz9uzQw=="
    "resolved" "https://registry.npmmirror.com/axios/-/axios-1.2.0.tgz"
    "version" "1.2.0"
    dependencies:
      "follow-redirects" "^1.15.0"
      "form-data" "^4.0.0"
      "proxy-from-env" "^1.1.0"
  
  "babel-helper-vue-jsx-merge-props@^2.0.0":
    "integrity" "sha512-gsLiKK7Qrb7zYJNgiXKpXblxbV5ffSwR0f5whkPAaBAR4fhi6bwRZxX9wBlIc5M/v8CCkXUbXZL4N/nSE97cqg=="
    "resolved" "https://registry.npmmirror.com/babel-helper-vue-jsx-merge-props/-/babel-helper-vue-jsx-merge-props-2.0.3.tgz"
    "version" "2.0.3"
  
  "babel-runtime@6.x":
    "integrity" "sha512-ITKNuq2wKlW1fJg9sSW52eepoYgZBggvOAHC0u/CYu/qxQ9EVzThCgR69BnSXLHjy2f7SY5zaQ4yt7H9ZVxY2g=="
    "resolved" "https://registry.npmmirror.com/babel-runtime/-/babel-runtime-6.26.0.tgz"
    "version" "6.26.0"
    dependencies:
      "core-js" "^2.4.0"
      "regenerator-runtime" "^0.11.0"
  
  "balanced-match@^1.0.0":
    "integrity" "sha512-3oSeUO0TMV67hN1AmbXsK4yaqU7tjiHlbxRDZOpH0KW9+CeX4bRAaX0Anxt0tx2MrpRpWwQaPwIlISEJhYU5Pw=="
    "resolved" "https://registry.npmmirror.com/balanced-match/-/balanced-match-1.0.2.tgz"
    "version" "1.0.2"
  
  "binary-extensions@^2.0.0":
    "integrity" "sha512-jDctJ/IVQbZoJykoeHbhXpOlNBqGNcwXJKJog42E5HDPUwQTSdjCHdihjj0DlnheQ7blbT6dHOafNAiS8ooQKA=="
    "resolved" "https://registry.npmmirror.com/binary-extensions/-/binary-extensions-2.2.0.tgz"
    "version" "2.2.0"
  
  "bluebird@^3.1.1", "bluebird@^3.7.2":
    "integrity" "sha512-XpNj6GDQzdfW+r2Wnn7xiSAd7TM3jzkxGXBGTtWKuSXv1xUV+azxAm8jdWZN06QTQk+2N2XB9jRDkvbmQmcRtg=="
    "resolved" "https://registry.npmmirror.com/bluebird/-/bluebird-3.7.2.tgz"
    "version" "3.7.2"
  
  "brace-expansion@^1.1.7":
    "integrity" "sha512-iCuPHDFgrHX7H2vEI/5xpz07zSHB00TpugqhmYtVmMO6518mCuRMoOYFldEBl0g187ufozdaHgWKcYFb61qGiA=="
    "resolved" "https://registry.npmmirror.com/brace-expansion/-/brace-expansion-1.1.11.tgz"
    "version" "1.1.11"
    dependencies:
      "balanced-match" "^1.0.0"
      "concat-map" "0.0.1"
  
  "braces@~3.0.2":
    "integrity" "sha512-b8um+L1RzM3WDSzvhm6gIz1yfTbBt6YTlcEKAvsmqCZZFw46z626lVj9j1yEPW33H5H+lBQpZMP1k8l+78Ha0A=="
    "resolved" "https://registry.npmmirror.com/braces/-/braces-3.0.2.tgz"
    "version" "3.0.2"
    dependencies:
      "fill-range" "^7.0.1"
  
  "browserslist@^4.21.3", "browserslist@>= 4.21.0":
    "integrity" "sha512-M0MFoZzbUrRU4KNfCrDLnvyE7gub+peetoTid3TBIqtunaDJyXlwhakT+/VkvSXcfIzFfK/nkCs4nmyTmxdNSg=="
    "resolved" "https://registry.npmmirror.com/browserslist/-/browserslist-4.21.9.tgz"
    "version" "4.21.9"
    dependencies:
      "caniuse-lite" "^1.0.30001503"
      "electron-to-chromium" "^1.4.431"
      "node-releases" "^2.0.12"
      "update-browserslist-db" "^1.0.11"
  
  "camelcase@^5.0.0":
    "integrity" "sha512-L28STB170nwWS63UjtlEOE3dldQApaJXZkOI1uMFfzf3rRuPegHaHesyee+YxQ+W6SvRDQV6UrdOdRiR153wJg=="
    "resolved" "https://registry.npmmirror.com/camelcase/-/camelcase-5.3.1.tgz"
    "version" "5.3.1"
  
  "caniuse-lite@^1.0.30001503":
    "integrity" "sha512-2S9nK0G/mE+jasCUsMPlARhRCts1ebcp2Ji8Y8PWi4NDE1iRdLCnEPHkEfeBrGC45L4isBx5ur3IQ6yTE2mRZw=="
    "resolved" "https://registry.npmmirror.com/caniuse-lite/-/caniuse-lite-1.0.30001512.tgz"
    "version" "1.0.30001512"
  
  "chalk@^2.0.0":
    "integrity" "sha512-Mti+f9lpJNcwF4tWV8/OrTTtF1gZi+f8FqlyAdouralcFWFQWF2+NgCHShjkCb+IFBLq9buZwE1xckQU4peSuQ=="
    "resolved" "https://registry.npmmirror.com/chalk/-/chalk-2.4.2.tgz"
    "version" "2.4.2"
    dependencies:
      "ansi-styles" "^3.2.1"
      "escape-string-regexp" "^1.0.5"
      "supports-color" "^5.3.0"
  
  "chokidar@>=3.0.0 <4.0.0":
    "integrity" "sha512-Dr3sfKRP6oTcjf2JmUmFJfeVMvXBdegxB0iVQ5eb2V10uFJUCAS8OByZdVAyVb8xXNz3GjjTgj9kLWsZTqE6kw=="
    "resolved" "https://registry.npmmirror.com/chokidar/-/chokidar-3.5.3.tgz"
    "version" "3.5.3"
    dependencies:
      "anymatch" "~3.1.2"
      "braces" "~3.0.2"
      "glob-parent" "~5.1.2"
      "is-binary-path" "~2.1.0"
      "is-glob" "~4.0.1"
      "normalize-path" "~3.0.0"
      "readdirp" "~3.6.0"
    optionalDependencies:
      "fsevents" "~2.3.2"
  
  "color-convert@^1.9.0":
    "integrity" "sha512-QfAUtd+vFdAtFQcC8CCyYt1fYWxSqAiK2cSD6zDB8N3cpsEBAvRxp9zOGg6G/SHHJYAT88/az/IuDGALsNVbGg=="
    "resolved" "https://registry.npmmirror.com/color-convert/-/color-convert-1.9.3.tgz"
    "version" "1.9.3"
    dependencies:
      "color-name" "1.1.3"
  
  "color-name@1.1.3":
    "integrity" "sha512-72fSenhMw2HZMTVHeCA9KCmpEIbzWiQsjN+BHcBbS9vr1mtt+vJjPdksIBNUmKAW8TFUDPJK5SUU3QhE9NEXDw=="
    "resolved" "https://registry.npmmirror.com/color-name/-/color-name-1.1.3.tgz"
    "version" "1.1.3"
  
  "combined-stream@^1.0.8":
    "integrity" "sha512-FQN4MRfuJeHf7cBbBMJFXhKSDq+2kAArBlmRBvcvFE5BB1HZKXtSFASDhdlz9zOYwxh8lDdnvmMOe/+5cdoEdg=="
    "resolved" "https://registry.npmmirror.com/combined-stream/-/combined-stream-1.0.8.tgz"
    "version" "1.0.8"
    dependencies:
      "delayed-stream" "~1.0.0"
  
  "commander@*":
    "integrity" "sha512-9HMlXtt/BNoYr8ooyjjNRdIilOTkVJXB+GhxMTtOKwk0R4j4lS4NpjuqmRxroBfnfTSHQIHQB7wryHhXarNjmQ=="
    "resolved" "https://registry.npmmirror.com/commander/-/commander-11.0.0.tgz"
    "version" "11.0.0"
  
  "concat-map@0.0.1":
    "integrity" "sha512-/Srv4dswyQNBfohGpz9o6Yb3Gz3SrUDqBH5rTuhGR7ahtlbYKnVxw2bCFMRljaA7EXHaXZ8wsHdodFvbkhKmqg=="
    "resolved" "https://registry.npmmirror.com/concat-map/-/concat-map-0.0.1.tgz"
    "version" "0.0.1"
  
  "consolidate@^0.15.1":
    "integrity" "sha512-DW46nrsMJgy9kqAbPt5rKaCr7uFtpo4mSUvLHIUbJEjm0vo+aY5QLwBUq3FK4tRnJr/X0Psc0C4jf/h+HtXSMw=="
    "resolved" "https://registry.npmmirror.com/consolidate/-/consolidate-0.15.1.tgz"
    "version" "0.15.1"
    dependencies:
      "bluebird" "^3.1.1"
  
  "consolidate@^0.16.0":
    "integrity" "sha512-Nhl1wzCslqXYTJVDyJCu3ODohy9OfBMB5uD2BiBTzd7w+QY0lBzafkR8y8755yMYHAaMD4NuzbAw03/xzfw+eQ=="
    "resolved" "https://registry.npmmirror.com/consolidate/-/consolidate-0.16.0.tgz"
    "version" "0.16.0"
    dependencies:
      "bluebird" "^3.7.2"
  
  "convert-source-map@^1.7.0":
    "integrity" "sha512-ASFBup0Mz1uyiIjANan1jzLQami9z1PoYSZCiiYW2FczPbenXc45FZdBZLzOT+r6+iciuEModtmCti+hjaAk0A=="
    "resolved" "https://registry.npmmirror.com/convert-source-map/-/convert-source-map-1.9.0.tgz"
    "version" "1.9.0"
  
  "core-js@^2.4.0":
    "integrity" "sha512-Kb2wC0fvsWfQrgk8HU5lW6U/Lcs8+9aaYcy4ZFc6DDlo4nZ7n70dEgE5rtR0oG6ufKDUnrwfWL1mXR5ljDatrQ=="
    "resolved" "https://registry.npmmirror.com/core-js/-/core-js-2.6.12.tgz"
    "version" "2.6.12"
  
  "cssesc@^3.0.0":
    "integrity" "sha512-/Tb/JcjK111nNScGob5MNtsntNM1aCNUDipB/TkwZFhyDrrE47SOx/18wF2bbjgc3ZzCSKW1T5nt5EbFoAz/Vg=="
    "resolved" "https://registry.npmmirror.com/cssesc/-/cssesc-3.0.0.tgz"
    "version" "3.0.0"
  
  "csstype@^3.1.0":
    "integrity" "sha512-I7K1Uu0MBPzaFKg4nI5Q7Vs2t+3gWWW648spaF+Rg7pI9ds18Ugn+lvg4SHczUdKlHI5LWBXyqfS8+DufyBsgQ=="
    "resolved" "https://registry.npmmirror.com/csstype/-/csstype-3.1.2.tgz"
    "version" "3.1.2"
  
  "de-indent@^1.0.2":
    "integrity" "sha512-e/1zu3xH5MQryN2zdVaF0OrdNLUbvWxzMbi+iNA6Bky7l1RoP8a2fIbRocyHclXt/arDrrR6lL3TqFD9pMQTsg=="
    "resolved" "https://registry.npmmirror.com/de-indent/-/de-indent-1.0.2.tgz"
    "version" "1.0.2"
  
  "debug@^4.1.0", "debug@^4.3.2", "debug@^4.3.4":
    "integrity" "sha512-PRWFHuSU3eDtQJPvnNY7Jcket1j0t5OuOsFzPPzsekD52Zl8qUfFIPEiswXqIvHWGVHOgX+7G/vCNNhehwxfkQ=="
    "resolved" "https://registry.npmmirror.com/debug/-/debug-4.3.4.tgz"
    "version" "4.3.4"
    dependencies:
      "ms" "2.1.2"
  
  "deepmerge@^1.2.0":
    "integrity" "sha512-95k0GDqvBjZavkuvzx/YqVLv/6YYa17fz6ILMSf7neqQITCPbnfEnQvEgMPNjH4kgobe7+WIL0yJEHku+H3qtQ=="
    "resolved" "https://registry.npmmirror.com/deepmerge/-/deepmerge-1.5.2.tgz"
    "version" "1.5.2"
  
  "deepmerge@^4.2.2":
    "integrity" "sha512-3sUqbMEc77XqpdNO7FRyRog+eW3ph+GYCbj+rK+uYyRMuwsVy0rMiVtPn+QJlKFvWP/1PYpapqYn0Me2knFn+A=="
    "resolved" "https://registry.npmmirror.com/deepmerge/-/deepmerge-4.3.1.tgz"
    "version" "4.3.1"
  
  "delayed-stream@~1.0.0":
    "integrity" "sha512-ZySD7Nf91aLB0RxL4KGrKHBXl7Eds1DAmEdcoVawXnLD7SDhpNgtuII2aAkg7a7QS41jxPSZ17p4VdGnMHk3MQ=="
    "resolved" "https://registry.npmmirror.com/delayed-stream/-/delayed-stream-1.0.0.tgz"
    "version" "1.0.0"
  
  "echarts@^5.4.2":
    "integrity" "sha512-2W3vw3oI2tWJdyAz+b8DuWS0nfXtSDqlDmqgin/lfzbkB01cuMEN66KWBlmur3YMp5nEDEEt5s23pllnAzB4EA=="
    "resolved" "https://registry.npmmirror.com/echarts/-/echarts-5.4.2.tgz"
    "version" "5.4.2"
    dependencies:
      "tslib" "2.3.0"
      "zrender" "5.4.3"
  
  "electron-to-chromium@^1.4.431":
    "integrity" "sha512-TxLRpRUj/107ATefeP8VIUWNOv90xJxZZbCW/eIbSZQiuiFANCx2b7u+GbVc9X4gU+xnbvypNMYVM/WArE1DNQ=="
    "resolved" "https://registry.npmmirror.com/electron-to-chromium/-/electron-to-chromium-1.4.449.tgz"
    "version" "1.4.449"
  
  "element-ui@^2.9.2":
    "integrity" "sha512-HU5DDKivv2UFZghVWiP3I74IbTzSW8VXc070fM787i1X/u9f43olDuu3S6Pe9z87Z1oNjXt06ZmBlLYtySJMCw=="
    "resolved" "https://registry.npmmirror.com/element-ui/-/element-ui-2.9.2.tgz"
    "version" "2.9.2"
    dependencies:
      "async-validator" "~1.8.1"
      "babel-helper-vue-jsx-merge-props" "^2.0.0"
      "deepmerge" "^1.2.0"
      "normalize-wheel" "^1.0.1"
      "resize-observer-polyfill" "^1.5.0"
      "throttle-debounce" "^1.0.1"
  
  "esbuild@^0.17.5":
    "integrity" "sha512-XQ0jAPFkK/u3LcVRcvVHQcTIqD6E2H1fvZMA5dQPSOWb3suUbWbfbRf94pjc0bNzRYLfIrDRQXr7X+LHIm5oHw=="
    "resolved" "https://registry.npmmirror.com/esbuild/-/esbuild-0.17.19.tgz"
    "version" "0.17.19"
    optionalDependencies:
      "@esbuild/android-arm" "0.17.19"
      "@esbuild/android-arm64" "0.17.19"
      "@esbuild/android-x64" "0.17.19"
      "@esbuild/darwin-arm64" "0.17.19"
      "@esbuild/darwin-x64" "0.17.19"
      "@esbuild/freebsd-arm64" "0.17.19"
      "@esbuild/freebsd-x64" "0.17.19"
      "@esbuild/linux-arm" "0.17.19"
      "@esbuild/linux-arm64" "0.17.19"
      "@esbuild/linux-ia32" "0.17.19"
      "@esbuild/linux-loong64" "0.17.19"
      "@esbuild/linux-mips64el" "0.17.19"
      "@esbuild/linux-ppc64" "0.17.19"
      "@esbuild/linux-riscv64" "0.17.19"
      "@esbuild/linux-s390x" "0.17.19"
      "@esbuild/linux-x64" "0.17.19"
      "@esbuild/netbsd-x64" "0.17.19"
      "@esbuild/openbsd-x64" "0.17.19"
      "@esbuild/sunos-x64" "0.17.19"
      "@esbuild/win32-arm64" "0.17.19"
      "@esbuild/win32-ia32" "0.17.19"
      "@esbuild/win32-x64" "0.17.19"
  
  "escalade@^3.1.1":
    "integrity" "sha512-k0er2gUkLf8O0zKJiAhmkTnJlTvINGv7ygDNPbeIsX/TJjGJZHuh9B2UxbsaEkmlEo9MfhrSzmhIlhRlI2GXnw=="
    "resolved" "https://registry.npmmirror.com/escalade/-/escalade-3.1.1.tgz"
    "version" "3.1.1"
  
  "escape-string-regexp@^1.0.5":
    "integrity" "sha512-vbRorB5FUQWvla16U8R/qgaFIya2qGzwDrNmCZuYKrbdSUMG6I1ZCGQRefkRVhuOkIGVne7BQ35DSfo1qvJqFg=="
    "resolved" "https://registry.npmmirror.com/escape-string-regexp/-/escape-string-regexp-1.0.5.tgz"
    "version" "1.0.5"
  
  "estree-walker@^2.0.1":
    "integrity" "sha512-Rfkk/Mp/DL7JVje3u18FxFujQlTNR2q6QfMSMB7AvCBx91NGj/ba3kCfza0f6dVDbw7YlRf/nDrn7pQrCCyQ/w=="
    "resolved" "https://registry.npmmirror.com/estree-walker/-/estree-walker-2.0.2.tgz"
    "version" "2.0.2"
  
  "fill-range@^7.0.1":
    "integrity" "sha512-qOo9F+dMUmC2Lcb4BbVvnKJxTPjCm+RRpe4gDuGrzkL7mEVl/djYSu2OdQ2Pa302N4oqkSg9ir6jaLWJ2USVpQ=="
    "resolved" "https://registry.npmmirror.com/fill-range/-/fill-range-7.0.1.tgz"
    "version" "7.0.1"
    dependencies:
      "to-regex-range" "^5.0.1"
  
  "follow-redirects@^1.15.0":
    "integrity" "sha512-VQLG33o04KaQ8uYi2tVNbdrWp1QWxNNea+nmIB4EVM28v0hmP17z7aG1+wAkNzVq4KeXTq3221ye5qTJP91JwA=="
    "resolved" "https://registry.npmmirror.com/follow-redirects/-/follow-redirects-1.15.2.tgz"
    "version" "1.15.2"
  
  "form-data@^4.0.0":
    "integrity" "sha512-ETEklSGi5t0QMZuiXoA/Q6vcnxcLQP5vdugSpuAyi6SVGi2clPPp+xgEhuMaHC+zGgn31Kd235W35f7Hykkaww=="
    "resolved" "https://registry.npmmirror.com/form-data/-/form-data-4.0.0.tgz"
    "version" "4.0.0"
    dependencies:
      "asynckit" "^0.4.0"
      "combined-stream" "^1.0.8"
      "mime-types" "^2.1.12"
  
  "fs-extra@^10.1.0":
    "integrity" "sha512-oRXApq54ETRj4eMiFzGnHWGy+zo5raudjuxN0b8H7s/RU2oW0Wvsx9O0ACRN/kRq9E8Vu/ReskGB5o3ji+FzHQ=="
    "resolved" "https://registry.npmmirror.com/fs-extra/-/fs-extra-10.1.0.tgz"
    "version" "10.1.0"
    dependencies:
      "graceful-fs" "^4.2.0"
      "jsonfile" "^6.0.1"
      "universalify" "^2.0.0"
  
  "fs.realpath@^1.0.0":
    "integrity" "sha512-OO0pH2lK6a0hZnAdau5ItzHPI6pUlvI7jMVnxUQRtw4owF2wk8lOSabtGDCTP4Ggrg2MbGnWO9X8K1t4+fGMDw=="
    "resolved" "https://registry.npmmirror.com/fs.realpath/-/fs.realpath-1.0.0.tgz"
    "version" "1.0.0"
  
  "gensync@^1.0.0-beta.2":
    "integrity" "sha512-3hN7NaskYvMDLQY55gnW3NQ+mesEAepTqlg+VEbj7zzqEMBVNhzcGYYeqFo/TlYz6eQiFcp1HcsCZO+nGgS8zg=="
    "resolved" "https://registry.npmmirror.com/gensync/-/gensync-1.0.0-beta.2.tgz"
    "version" "1.0.0-beta.2"
  
  "glob-parent@~5.1.2":
    "integrity" "sha512-AOIgSQCepiJYwP3ARnGx+5VnTu2HBYdzbGP45eLw1vr3zB3vZLeyed1sC9hnbcOc9/SrMyM5RPQrkGz4aS9Zow=="
    "resolved" "https://registry.npmmirror.com/glob-parent/-/glob-parent-5.1.2.tgz"
    "version" "5.1.2"
    dependencies:
      "is-glob" "^4.0.1"
  
  "glob@^7.1.6":
    "integrity" "sha512-nFR0zLpU2YCaRxwoCJvL6UvCH2JFyFVIvwTLsIf21AuHlMskA1hhTdk+LlYJtOlYt9v6dvszD2BGRqBL+iQK9Q=="
    "resolved" "https://registry.npmmirror.com/glob/-/glob-7.2.3.tgz"
    "version" "7.2.3"
    dependencies:
      "fs.realpath" "^1.0.0"
      "inflight" "^1.0.4"
      "inherits" "2"
      "minimatch" "^3.1.1"
      "once" "^1.3.0"
      "path-is-absolute" "^1.0.0"
  
  "globals@^11.1.0":
    "integrity" "sha512-WOBp/EEGUiIsJSp7wcv/y6MO+lV9UoncWqxuFfm8eBwzWNgyfBd6Gz+IeKQ9jCmyhoH99g15M3T+QaVHFjizVA=="
    "resolved" "https://registry.npmmirror.com/globals/-/globals-11.12.0.tgz"
    "version" "11.12.0"
  
  "graceful-fs@^4.1.6", "graceful-fs@^4.2.0":
    "integrity" "sha512-RbJ5/jmFcNNCcDV5o9eTnBLJ/HszWV0P73bc+Ff4nS/rJj+YaS6IGyiOL0VoBYX+l1Wrl3k63h/KrH+nhJ0XvQ=="
    "resolved" "https://registry.npmmirror.com/graceful-fs/-/graceful-fs-4.2.11.tgz"
    "version" "4.2.11"
  
  "has-flag@^3.0.0":
    "integrity" "sha512-sKJf1+ceQBr4SMkvQnBDNDtf4TXpVhVGateu0t918bl30FnbE2m4vNLX+VWe/dpjlb+HugGYzW7uQXH98HPEYw=="
    "resolved" "https://registry.npmmirror.com/has-flag/-/has-flag-3.0.0.tgz"
    "version" "3.0.0"
  
  "hash-sum@^1.0.2":
    "integrity" "sha512-fUs4B4L+mlt8/XAtSOGMUO1TXmAelItBPtJG7CyHJfYTdDjwisntGO2JQz7oUsatOY9o68+57eziUVNw/mRHmA=="
    "resolved" "https://registry.npmmirror.com/hash-sum/-/hash-sum-1.0.2.tgz"
    "version" "1.0.2"
  
  "hash-sum@^2.0.0":
    "integrity" "sha512-WdZTbAByD+pHfl/g9QSsBIIwy8IT+EsPiKDs0KNX+zSHhdDLFKdZu0BQHljvO+0QI/BasbMSUa8wYNCZTvhslg=="
    "resolved" "https://registry.npmmirror.com/hash-sum/-/hash-sum-2.0.0.tgz"
    "version" "2.0.0"
  
  "he@^1.2.0":
    "integrity" "sha512-F/1DnUGPopORZi0ni+CvrCgHQ5FyEAHRLSApuYWMmrbSwoN2Mn/7k+Gl38gJnR7yyDZk6WLXwiGod1JOWNDKGw=="
    "resolved" "https://registry.npmmirror.com/he/-/he-1.2.0.tgz"
    "version" "1.2.0"
  
  "html-tags@^2.0.0":
    "integrity" "sha512-+Il6N8cCo2wB/Vd3gqy/8TZhTD3QvcVeQLCnZiGkGCH3JP28IgGAY41giccp2W4R3jfyJPAP318FQTa1yU7K7g=="
    "resolved" "https://registry.npmmirror.com/html-tags/-/html-tags-2.0.0.tgz"
    "version" "2.0.0"
  
  "immutable@^4.0.0":
    "integrity" "sha512-0AOCmOip+xgJwEVTQj1EfiDDOkPmuyllDuTuEX+DDXUgapLAsBIfkg3sxCYyCEA8mQqZrrxPUGjcOQ2JS3WLkg=="
    "resolved" "https://registry.npmmirror.com/immutable/-/immutable-4.3.0.tgz"
    "version" "4.3.0"
  
  "inflight@^1.0.4":
    "integrity" "sha512-k92I/b08q4wvFscXCLvqfsHCrjrF7yiXsQuIVvVE7N82W3+aqpzuUdBbfhWcy/FZR3/4IgflMgKLOsvPDrGCJA=="
    "resolved" "https://registry.npmmirror.com/inflight/-/inflight-1.0.6.tgz"
    "version" "1.0.6"
    dependencies:
      "once" "^1.3.0"
      "wrappy" "1"
  
  "inherits@2":
    "integrity" "sha512-k/vGaX4/Yla3WzyMCvTQOXYeIHvqOKtnqBduzTHpzpQZzAskKMhZ2K+EnBiSM9zGSoIFeMpXKxa4dYeZIQqewQ=="
    "resolved" "https://registry.npmmirror.com/inherits/-/inherits-2.0.4.tgz"
    "version" "2.0.4"
  
  "is-binary-path@~2.1.0":
    "integrity" "sha512-ZMERYes6pDydyuGidse7OsHxtbI7WVeUEozgR/g7rd0xUimYNlvZRE/K2MgZTjWy725IfelLeVcEM97mmtRGXw=="
    "resolved" "https://registry.npmmirror.com/is-binary-path/-/is-binary-path-2.1.0.tgz"
    "version" "2.1.0"
    dependencies:
      "binary-extensions" "^2.0.0"
  
  "is-extglob@^2.1.1":
    "integrity" "sha512-SbKbANkN603Vi4jEZv49LeVJMn4yGwsbzZworEoyEiutsN3nJYdbO36zfhGJ6QEDpOZIFkDtnq5JRxmvl3jsoQ=="
    "resolved" "https://registry.npmmirror.com/is-extglob/-/is-extglob-2.1.1.tgz"
    "version" "2.1.1"
  
  "is-glob@^4.0.1", "is-glob@~4.0.1":
    "integrity" "sha512-xelSayHH36ZgE7ZWhli7pW34hNbNl8Ojv5KVmkJD4hBdD3th8Tfk9vYasLM+mXWOZhFkgZfxhLSnrwRr4elSSg=="
    "resolved" "https://registry.npmmirror.com/is-glob/-/is-glob-4.0.3.tgz"
    "version" "4.0.3"
    dependencies:
      "is-extglob" "^2.1.1"
  
  "is-number@^7.0.0":
    "integrity" "sha512-41Cifkg6e8TylSpdtTpeLVMqvSBEVzTttHvERD741+pnZ8ANv0004MRL43QKPDlK9cGvNp6NZWZUBlbGXYxxng=="
    "resolved" "https://registry.npmmirror.com/is-number/-/is-number-7.0.0.tgz"
    "version" "7.0.0"
  
  "js-tokens@^4.0.0":
    "integrity" "sha512-RdJUflcE3cUzKiMqQgsCu06FPu9UdIJO0beYbPhHN4k6apgJtifcoCtT9bcxOpYBtpD2kCM6Sbzg4CausW/PKQ=="
    "resolved" "https://registry.npmmirror.com/js-tokens/-/js-tokens-4.0.0.tgz"
    "version" "4.0.0"
  
  "jsesc@^2.5.1":
    "integrity" "sha512-OYu7XEzjkCQ3C5Ps3QIZsQfNpqoJyZZA99wd9aWd05NCtC5pWOkShK2mkL6HXQR6/Cy2lbNdPlZBpuQHXE63gA=="
    "resolved" "https://registry.npmmirror.com/jsesc/-/jsesc-2.5.2.tgz"
    "version" "2.5.2"
  
  "json5@^2.2.2":
    "integrity" "sha512-XmOWe7eyHYH14cLdVPoyg+GOH3rYX++KpzrylJwSW98t3Nk+U8XOl8FWKOgwtzdb8lXGf6zYwDUzeHMWfxasyg=="
    "resolved" "https://registry.npmmirror.com/json5/-/json5-2.2.3.tgz"
    "version" "2.2.3"
  
  "jsonfile@^6.0.1":
    "integrity" "sha512-5dgndWOriYSm5cnYaJNhalLNDKOqFwyDB/rr1E9ZsGciGvKPs8R2xYGCacuf3z6K1YKDz182fd+fY3cn3pMqXQ=="
    "resolved" "https://registry.npmmirror.com/jsonfile/-/jsonfile-6.1.0.tgz"
    "version" "6.1.0"
    dependencies:
      "universalify" "^2.0.0"
    optionalDependencies:
      "graceful-fs" "^4.1.6"
  
  "lodash.kebabcase@^4.1.1":
    "integrity" "sha512-N8XRTIMMqqDgSy4VLKPnJ/+hpGZN+PHQiJnSenYqPaVV/NCqEogTnAdZLQiGKhxX+JCs8waWq2t1XHWKOmlY8g=="
    "resolved" "https://registry.npmmirror.com/lodash.kebabcase/-/lodash.kebabcase-4.1.1.tgz"
    "version" "4.1.1"
  
  "lru-cache@^4.1.2":
    "integrity" "sha512-sWZlbEP2OsHNkXrMl5GYk/jKk70MBng6UU4YI/qGDYbgf6YbP4EvmqISbXCoJiRKs+1bSpFHVgQxvJ17F2li5g=="
    "resolved" "https://registry.npmmirror.com/lru-cache/-/lru-cache-4.1.5.tgz"
    "version" "4.1.5"
    dependencies:
      "pseudomap" "^1.0.2"
      "yallist" "^2.1.2"
  
  "lru-cache@^5.1.1":
    "integrity" "sha512-KpNARQA3Iwv+jTA0utUVVbrh+Jlrr1Fv0e56GGzAFOXN7dk/FviaDW8LHmK52DlcH4WP2n6gI8vN1aesBFgo9w=="
    "resolved" "https://registry.npmmirror.com/lru-cache/-/lru-cache-5.1.1.tgz"
    "version" "5.1.1"
    dependencies:
      "yallist" "^3.0.2"
  
  "magic-string@^0.26.1":
    "integrity" "sha512-hX9XH3ziStPoPhJxLq1syWuZMxbDvGNbVchfrdCtanC7D13888bMFow61x8axrx+GfHLtVeAx2kxL7tTGRl+Ow=="
    "resolved" "https://registry.npmmirror.com/magic-string/-/magic-string-0.26.7.tgz"
    "version" "0.26.7"
    dependencies:
      "sourcemap-codec" "^1.4.8"
  
  "merge-source-map@^1.1.0":
    "integrity" "sha512-Qkcp7P2ygktpMPh2mCQZaf3jhN6D3Z/qVZHSdWvQ+2Ef5HgRAPBO57A77+ENm0CPx2+1Ce/MYKi3ymqdfuqibw=="
    "resolved" "https://registry.npmmirror.com/merge-source-map/-/merge-source-map-1.1.0.tgz"
    "version" "1.1.0"
    dependencies:
      "source-map" "^0.6.1"
  
  "mime-db@1.52.0":
    "integrity" "sha512-sPU4uV7dYlvtWJxwwxHD0PuihVNiE7TyAbQ5SWxDCB9mUYvOgroQOwYQQOKPJ8CIbE+1ETVlOoK1UC2nU3gYvg=="
    "resolved" "https://registry.npmmirror.com/mime-db/-/mime-db-1.52.0.tgz"
    "version" "1.52.0"
  
  "mime-types@^2.1.12":
    "integrity" "sha512-ZDY+bPm5zTTF+YpCrAU9nK0UgICYPT0QtT1NZWFv4s++TNkcgVaT0g6+4R2uI4MjQjzysHB1zxuWL50hzaeXiw=="
    "resolved" "https://registry.npmmirror.com/mime-types/-/mime-types-2.1.35.tgz"
    "version" "2.1.35"
    dependencies:
      "mime-db" "1.52.0"
  
  "minimatch@^3.1.1":
    "integrity" "sha512-J7p63hRiAjw1NDEww1W7i37+ByIrOWO5XQQAzZ3VOcL0PNybwpfmV/N05zFAzwQ9USyEcX6t3UO+K5aqBQOIHw=="
    "resolved" "https://registry.npmmirror.com/minimatch/-/minimatch-3.1.2.tgz"
    "version" "3.1.2"
    dependencies:
      "brace-expansion" "^1.1.7"
  
  "mockjs@^1.1.0":
    "integrity" "sha512-eQsKcWzIaZzEZ07NuEyO4Nw65g0hdWAyurVol1IPl1gahRwY+svqzfgfey8U8dahLwG44d6/RwEzuK52rSa/JQ=="
    "resolved" "https://registry.npmmirror.com/mockjs/-/mockjs-1.1.0.tgz"
    "version" "1.1.0"
    dependencies:
      "commander" "*"
  
  "ms@2.1.2":
    "integrity" "sha512-sGkPx+VjMtmA6MX27oA4FBFELFCZZ4S4XqeGOXCv68tT+jb3vk/RyaKWP0PTKyWtmLSM0b+adUTEvbs1PEaH2w=="
    "resolved" "https://registry.npmmirror.com/ms/-/ms-2.1.2.tgz"
    "version" "2.1.2"
  
  "nanoid@^3.3.6":
    "integrity" "sha512-BGcqMMJuToF7i1rt+2PWSNVnWIkGCU78jBG3RxO/bZlnZPK2Cmi2QaffxGO/2RvWi9sL+FAiRiXMgsyxQ1DIDA=="
    "resolved" "https://registry.npmmirror.com/nanoid/-/nanoid-3.3.6.tgz"
    "version" "3.3.6"
  
  "neo-async@^2.6.2":
    "integrity" "sha512-Yd3UES5mWCSqR+qNT93S3UoYUkqAZ9lLg8a7g9rimsWmYGK8cVToA4/sF3RrshdyV3sAGMXVUmpMYOw+dLpOuw=="
    "resolved" "https://registry.npmmirror.com/neo-async/-/neo-async-2.6.2.tgz"
    "version" "2.6.2"
  
  "node-releases@^2.0.12":
    "integrity" "sha512-QzsYKWhXTWx8h1kIvqfnC++o0pEmpRQA/aenALsL2F4pqNVr7YzcdMlDij5WBnwftRbJCNJL/O7zdKaxKPHqgQ=="
    "resolved" "https://registry.npmmirror.com/node-releases/-/node-releases-2.0.12.tgz"
    "version" "2.0.12"
  
  "normalize-path@^3.0.0", "normalize-path@~3.0.0":
    "integrity" "sha512-6eZs5Ls3WtCisHWp9S2GUy8dqkpGi4BVSz3GaqiE6ezub0512ESztXUwUB6C6IKbQkY2Pnb/mD4WYojCRwcwLA=="
    "resolved" "https://registry.npmmirror.com/normalize-path/-/normalize-path-3.0.0.tgz"
    "version" "3.0.0"
  
  "normalize-wheel@^1.0.1":
    "integrity" "sha512-1OnlAPZ3zgrk8B91HyRj+eVv+kS5u+Z0SCsak6Xil/kmgEia50ga7zfkumayonZrImffAxPU/5WcyGhzetHNPA=="
    "resolved" "https://registry.npmmirror.com/normalize-wheel/-/normalize-wheel-1.0.1.tgz"
    "version" "1.0.1"
  
  "normalize@^0.3.1":
    "integrity" "sha512-DfyFcERXw4cjxUBgmATdxnCipRFoRvj0tNo+MWwjhebV9GZz2HYoNkXodEqS565uomk0CxEs90nEwrmj+aI9RQ=="
    "resolved" "https://registry.npmmirror.com/normalize/-/normalize-0.3.1.tgz"
    "version" "0.3.1"
    dependencies:
      "stylus" "*"
  
  "nprogress@^0.2.0":
    "integrity" "sha512-I19aIingLgR1fmhftnbWWO3dXc0hSxqHQHQb3H8m+K3TnEn/iSeTZZOyvKXWqQESMwuUVnatlCnZdLBZZt2VSA=="
    "resolved" "https://registry.npmmirror.com/nprogress/-/nprogress-0.2.0.tgz"
    "version" "0.2.0"
  
  "once@^1.3.0":
    "integrity" "sha512-lNaJgI+2Q5URQBkccEKHTQOPaXdUxnZZElQTZY0MFUAuaEqe1E+Nyvgdz/aIyNi6Z9MzO5dv1H8n58/GELp3+w=="
    "resolved" "https://registry.npmmirror.com/once/-/once-1.4.0.tgz"
    "version" "1.4.0"
    dependencies:
      "wrappy" "1"
  
  "path-is-absolute@^1.0.0":
    "integrity" "sha512-AVbw3UJ2e9bq64vSaS9Am0fje1Pa8pbGqTTsmXfaIiMpnr5DlDhfJOuLj9Sf95ZPVDAUerDfEk88MPmPe7UCQg=="
    "resolved" "https://registry.npmmirror.com/path-is-absolute/-/path-is-absolute-1.0.1.tgz"
    "version" "1.0.1"
  
  "picocolors@^0.2.1":
    "integrity" "sha512-cMlDqaLEqfSaW8Z7N5Jw+lyIW869EzT73/F5lhtY9cLGoVxSXznfgfXMO0Z5K0o0Q2TkTXq+0KFsdnSe3jDViA=="
    "resolved" "https://registry.npmmirror.com/picocolors/-/picocolors-0.2.1.tgz"
    "version" "0.2.1"
  
  "picocolors@^1.0.0":
    "integrity" "sha512-1fygroTLlHu66zi26VoTDv8yRgm0Fccecssto+MhsZ0D/DGW2sm8E8AjW7NU5VVTRt5GxbeZ5qBuJr+HyLYkjQ=="
    "resolved" "https://registry.npmmirror.com/picocolors/-/picocolors-1.0.0.tgz"
    "version" "1.0.0"
  
  "picomatch@^2.0.4", "picomatch@^2.2.1", "picomatch@^2.2.2":
    "integrity" "sha512-JU3teHTNjmE2VCGFzuY8EXzCDVwEqB2a8fsIvwaStHhAWJEeVd1o1QD80CU6+ZdEXXSLbSsuLwJjkCBWqRQUVA=="
    "resolved" "https://registry.npmmirror.com/picomatch/-/picomatch-2.3.1.tgz"
    "version" "2.3.1"
  
  "postcss-selector-parser@^6.0.2":
    "integrity" "sha512-EaV1Gl4mUEV4ddhDnv/xtj7sxwrwxdetHdWUGnT4VJQf+4d05v6lHYZr8N573k5Z0BViss7BDhfWtKS3+sfAqQ=="
    "resolved" "https://registry.npmmirror.com/postcss-selector-parser/-/postcss-selector-parser-6.0.13.tgz"
    "version" "6.0.13"
    dependencies:
      "cssesc" "^3.0.0"
      "util-deprecate" "^1.0.2"
  
  "postcss@^7.0.36":
    "integrity" "sha512-yioayjNbHn6z1/Bywyb2Y4s3yvDAeXGOyxqD+LnVOinq6Mdmd++SW2wUNVzavyyHxd6+DxzWGIuosg6P1Rj8uA=="
    "resolved" "https://registry.npmmirror.com/postcss/-/postcss-7.0.39.tgz"
    "version" "7.0.39"
    dependencies:
      "picocolors" "^0.2.1"
      "source-map" "^0.6.1"
  
  "postcss@^8.4.14", "postcss@^8.4.23":
    "integrity" "sha512-M0RzbcI0sO/XJNucsGjvWU9ERWxb/ytp1w6dKtxTKgixdtQDq4rmx/g8W1hnaheq9jgwL/oyEdH5Bc4WwJKMqg=="
    "resolved" "https://registry.npmmirror.com/postcss/-/postcss-8.4.24.tgz"
    "version" "8.4.24"
    dependencies:
      "nanoid" "^3.3.6"
      "picocolors" "^1.0.0"
      "source-map-js" "^1.0.2"
  
  "prettier@^1.18.2 || ^2.0.0", "prettier@^2.6.2":
    "integrity" "sha512-tdN8qQGvNjw4CHbY+XXk0JgCXn9QiF21a55rBe5LJAU+kDyC4WQn4+awm2Xfk2lQMk5fKup9XgzTZtGkjBdP9Q=="
    "resolved" "https://registry.npmmirror.com/prettier/-/prettier-2.8.8.tgz"
    "version" "2.8.8"
  
  "proxy-from-env@^1.1.0":
    "integrity" "sha512-D+zkORCbA9f1tdWRK0RaCR3GPv50cMxcrz4X8k5LTSUD1Dkw47mKJEZQNunItRTkWwgtaUSo1RVFRIG9ZXiFYg=="
    "resolved" "https://registry.npmmirror.com/proxy-from-env/-/proxy-from-env-1.1.0.tgz"
    "version" "1.1.0"
  
  "pseudomap@^1.0.2":
    "integrity" "sha512-b/YwNhb8lk1Zz2+bXXpS/LK9OisiZZ1SNsSLxN1x2OXVEhW2Ckr/7mWE5vrC1ZTiJlD9g19jWszTmJsB+oEpFQ=="
    "resolved" "https://registry.npmmirror.com/pseudomap/-/pseudomap-1.0.2.tgz"
    "version" "1.0.2"
  
  "querystring@^0.2.1":
    "integrity" "sha512-wkvS7mL/JMugcup3/rMitHmd9ecIGd2lhFhK9N3UUQ450h66d1r3Y9nvXzQAW1Lq+wyx61k/1pfKS5KuKiyEbg=="
    "resolved" "https://registry.npmmirror.com/querystring/-/querystring-0.2.1.tgz"
    "version" "0.2.1"
  
  "readdirp@~3.6.0":
    "integrity" "sha512-hOS089on8RduqdbhvQ5Z37A0ESjsqz6qnRcffsMU3495FuTdqSm+7bhJ29JvIOsBDEEnan5DPu9t3To9VRlMzA=="
    "resolved" "https://registry.npmmirror.com/readdirp/-/readdirp-3.6.0.tgz"
    "version" "3.6.0"
    dependencies:
      "picomatch" "^2.2.1"
  
  "regenerator-runtime@^0.11.0":
    "integrity" "sha512-MguG95oij0fC3QV3URf4V2SDYGJhJnJGqvIIgdECeODCT98wSWDAJ94SSuVpYQUoTcGUIL6L4yNB7j1DFFHSBg=="
    "resolved" "https://registry.npmmirror.com/regenerator-runtime/-/regenerator-runtime-0.11.1.tgz"
    "version" "0.11.1"
  
  "resize-observer-polyfill@^1.5.0":
    "integrity" "sha512-LwZrotdHOo12nQuZlHEmtuXdqGoOD0OhaxopaNFxWzInpEgaLWoVuAMbTzixuosCx2nEG58ngzW3vxdWoxIgdg=="
    "resolved" "https://registry.npmmirror.com/resize-observer-polyfill/-/resize-observer-polyfill-1.5.1.tgz"
    "version" "1.5.1"
  
  "rollup@^2.70.2":
    "integrity" "sha512-uKxbd0IhMZOhjAiD5oAFp7BqvkA4Dv47qpOCtaNvng4HBwdbWtdOh8f5nZNuk2rp51PMGk3bzfWu5oayNEuYnw=="
    "resolved" "https://registry.npmmirror.com/rollup/-/rollup-2.79.1.tgz"
    "version" "2.79.1"
    optionalDependencies:
      "fsevents" "~2.3.2"
  
  "rollup@^3.21.0":
    "integrity" "sha512-YzJH0eunH2hr3knvF3i6IkLO/jTjAEwU4HoMUbQl4//Tnl3ou0e7P5SjxdDr8HQJdeUJShlbEHXrrnEHy1l7Yg=="
    "resolved" "https://registry.npmmirror.com/rollup/-/rollup-3.26.0.tgz"
    "version" "3.26.0"
    optionalDependencies:
      "fsevents" "~2.3.2"
  
  "sass-loader@^13.3.2":
    "integrity" "sha512-CQbKl57kdEv+KDLquhC+gE3pXt74LEAzm+tzywcA0/aHZuub8wTErbjAoNI57rPUWRYRNC5WUnNl8eGJNbDdwg=="
    "resolved" "https://registry.npmmirror.com/sass-loader/-/sass-loader-13.3.2.tgz"
    "version" "13.3.2"
    dependencies:
      "neo-async" "^2.6.2"
  
  "sass@*", "sass@^1.3.0", "sass@^1.63.6":
    "integrity" "sha512-MJuxGMHzaOW7ipp+1KdELtqKbfAWbH7OLIdoSMnVe3EXPMTmxTmlaZDCTsgIpPCs3w99lLo9/zDKkOrJuT5byw=="
    "resolved" "https://registry.npmmirror.com/sass/-/sass-1.63.6.tgz"
    "version" "1.63.6"
    dependencies:
      "chokidar" ">=3.0.0 <4.0.0"
      "immutable" "^4.0.0"
      "source-map-js" ">=0.6.2 <2.0.0"
  
  "sax@~1.2.4":
    "integrity" "sha512-NqVDv9TpANUjFm0N8uM5GxL36UgKi9/atZw+x7YFnQ8ckwFGKrl4xX4yWtrey3UJm5nP1kUbnYgLopqWNSRhWw=="
    "resolved" "https://registry.npmmirror.com/sax/-/sax-1.2.4.tgz"
    "version" "1.2.4"
  
  "semver@^6.3.0":
    "integrity" "sha512-b39TBaTSfV6yBrapU89p5fKekE2m/NwnDocOVruQFS1/veMgdzuPcnOM34M6CwxW8jH/lxEa5rBoDeUwu5HHTw=="
    "resolved" "https://registry.npmmirror.com/semver/-/semver-6.3.0.tgz"
    "version" "6.3.0"
  
  "slash@^3.0.0":
    "integrity" "sha512-g9Q1haeby36OSStwb4ntCGGGaKsaVSjQ68fBxoQcutl5fS1vuY18H3wSt3jFyFtrkx+Kz0V1G85A4MyAdDMi2Q=="
    "resolved" "https://registry.npmmirror.com/slash/-/slash-3.0.0.tgz"
    "version" "3.0.0"
  
  "source-map-js@^1.0.2", "source-map-js@>=0.6.2 <2.0.0":
    "integrity" "sha512-R0XvVJ9WusLiqTCEiGCmICCMplcCkIwwR11mOSD9CR5u+IXYdiseeEuXCVAjS54zqwkLcPNnmU4OeJ6tUrWhDw=="
    "resolved" "https://registry.npmmirror.com/source-map-js/-/source-map-js-1.0.2.tgz"
    "version" "1.0.2"
  
  "source-map@^0.6.1", "source-map@~0.6.1":
    "integrity" "sha512-UjgapumWlbMhkBgzT7Ykc5YXUT46F0iKu8SGXq0bcwP5dz/h0Plj6enJqjz1Zbq2l5WaqYnrVbwWOWMyF3F47g=="
    "resolved" "https://registry.npmmirror.com/source-map/-/source-map-0.6.1.tgz"
    "version" "0.6.1"
  
  "source-map@^0.7.3":
    "integrity" "sha512-l3BikUxvPOcn5E74dZiq5BGsTb5yEwhaTSzccU6t4sDOH8NWJCstKO5QT2CvtFoK6F0saL7p9xHAqHOlCPJygA=="
    "resolved" "https://registry.npmmirror.com/source-map/-/source-map-0.7.4.tgz"
    "version" "0.7.4"
  
  "sourcemap-codec@^1.4.8":
    "integrity" "sha512-9NykojV5Uih4lgo5So5dtw+f0JgJX30KCNI8gwhz2J9A15wD0Ml6tjHKwf6fTSa6fAdVBdZeNOs9eJ71qCk8vA=="
    "resolved" "https://registry.npmmirror.com/sourcemap-codec/-/sourcemap-codec-1.4.8.tgz"
    "version" "1.4.8"
  
  "stylus@*":
    "integrity" "sha512-lQ9w/XIOH5ZHVNuNbWW8D822r+/wBSO/d6XvtyHLF7LW4KaCIDeVbvn5DF8fGCJAUCwVhVi/h6J0NUcnylUEjg=="
    "resolved" "https://registry.npmmirror.com/stylus/-/stylus-0.59.0.tgz"
    "version" "0.59.0"
    dependencies:
      "@adobe/css-tools" "^4.0.1"
      "debug" "^4.3.2"
      "glob" "^7.1.6"
      "sax" "~1.2.4"
      "source-map" "^0.7.3"
  
  "supports-color@^5.3.0":
    "integrity" "sha512-QjVjwdXIt408MIiAqCX4oUKsgU2EqAGzs2Ppkm4aQYbjm+ZEWEcW4SfFNTr4uMNZma0ey4f5lgLrkB0aX0QMow=="
    "resolved" "https://registry.npmmirror.com/supports-color/-/supports-color-5.5.0.tgz"
    "version" "5.5.0"
    dependencies:
      "has-flag" "^3.0.0"
  
  "svg-tags@^1.0.0":
    "integrity" "sha512-ovssysQTa+luh7A5Weu3Rta6FJlFBBbInjOh722LIt6klpU2/HtdUbszju/G4devcvk8PGt7FCLv5wftu3THUA=="
    "resolved" "https://registry.npmmirror.com/svg-tags/-/svg-tags-1.0.0.tgz"
    "version" "1.0.0"
  
  "throttle-debounce@^1.0.1":
    "integrity" "sha512-XH8UiPCQcWNuk2LYePibW/4qL97+ZQ1AN3FNXwZRBNPPowo/NRU5fAlDCSNBJIYCKbioZfuYtMhG4quqoJhVzg=="
    "resolved" "https://registry.npmmirror.com/throttle-debounce/-/throttle-debounce-1.1.0.tgz"
    "version" "1.1.0"
  
  "to-fast-properties@^2.0.0":
    "integrity" "sha512-/OaKK0xYrs3DmxRYqL/yDc+FxFUVYhDlXMhRmv3z915w2HF1tnN1omB354j8VUGO/hbRzyD6Y3sA7v7GS/ceog=="
    "resolved" "https://registry.npmmirror.com/to-fast-properties/-/to-fast-properties-2.0.0.tgz"
    "version" "2.0.0"
  
  "to-regex-range@^5.0.1":
    "integrity" "sha512-65P7iz6X5yEr1cwcgvQxbbIw7Uk3gOy5dIdtZ4rDveLqhrdJP+Li/Hx6tyK0NEb+2GCyneCMJiGqrADCSNk8sQ=="
    "resolved" "https://registry.npmmirror.com/to-regex-range/-/to-regex-range-5.0.1.tgz"
    "version" "5.0.1"
    dependencies:
      "is-number" "^7.0.0"
  
  "tslib@2.3.0":
    "integrity" "sha512-N82ooyxVNm6h1riLCoyS9e3fuJ3AMG2zIZs2Gd1ATcSFjSA23Q0fzjjZeh0jbJvWVDZ0cJT8yaNNaaXHzueNjg=="
    "resolved" "https://registry.npmmirror.com/tslib/-/tslib-2.3.0.tgz"
    "version" "2.3.0"
  
  "universalify@^2.0.0":
    "integrity" "sha512-hAZsKq7Yy11Zu1DE0OzWjw7nnLZmJZYTDZZyEFHZdUhV8FkH5MCfoU1XMaxXovpyW5nq5scPqq0ZDP9Zyl04oQ=="
    "resolved" "https://registry.npmmirror.com/universalify/-/universalify-2.0.0.tgz"
    "version" "2.0.0"
  
  "update-browserslist-db@^1.0.11":
    "integrity" "sha512-dCwEFf0/oT85M1fHBg4F0jtLwJrutGoHSQXCh7u4o2t1drG+c0a9Flnqww6XUKSfQMPpJBRjU8d4RXB09qtvaA=="
    "resolved" "https://registry.npmmirror.com/update-browserslist-db/-/update-browserslist-db-1.0.11.tgz"
    "version" "1.0.11"
    dependencies:
      "escalade" "^3.1.1"
      "picocolors" "^1.0.0"
  
  "util-deprecate@^1.0.2":
    "integrity" "sha512-EPD5q1uXyFxJpCrLnCc1nHnq3gOa6DZBocAIiI2TaSCA7VCJ1UJDMagCzIkXNsUYfD1daK//LTEQ8xiIbrHtcw=="
    "resolved" "https://registry.npmmirror.com/util-deprecate/-/util-deprecate-1.0.2.tgz"
    "version" "1.0.2"
  
  "vite-plugin-vue2@^2.0.3":
    "integrity" "sha512-t3Tu93GWsMHbpeIv66MTO5e/rRAo8/+/eWoUtFYuAdKDMyEnn1dqsrXh+CfG+SJAlxJvcTP8U0eXkzhLjKNyMg=="
    "resolved" "https://registry.npmmirror.com/vite-plugin-vue2/-/vite-plugin-vue2-2.0.3.tgz"
    "version" "2.0.3"
    dependencies:
      "@babel/core" "^7.17.9"
      "@babel/parser" "^7.17.9"
      "@babel/plugin-proposal-class-properties" "^7.16.7"
      "@babel/plugin-proposal-decorators" "^7.17.9"
      "@babel/plugin-proposal-nullish-coalescing-operator" "^7.16.7"
      "@babel/plugin-proposal-object-rest-spread" "^7.17.3"
      "@babel/plugin-proposal-optional-chaining" "^7.16.7"
      "@babel/plugin-transform-arrow-functions" "^7.16.7"
      "@babel/plugin-transform-block-scoping" "^7.16.7"
      "@babel/plugin-transform-computed-properties" "^7.16.7"
      "@babel/plugin-transform-destructuring" "^7.17.7"
      "@babel/plugin-transform-parameters" "^7.16.7"
      "@babel/plugin-transform-spread" "^7.16.7"
      "@babel/plugin-transform-typescript" "^7.16.8"
      "@rollup/pluginutils" "^4.2.1"
      "@vue/babel-helper-vue-jsx-merge-props" "^1.2.1"
      "@vue/babel-preset-jsx" "^1.2.4"
      "@vue/component-compiler-utils" "^3.3.0"
      "consolidate" "^0.16.0"
      "debug" "^4.3.4"
      "fs-extra" "^10.1.0"
      "hash-sum" "^2.0.0"
      "magic-string" "^0.26.1"
      "prettier" "^2.6.2"
      "querystring" "^0.2.1"
      "rollup" "^2.70.2"
      "slash" "^3.0.0"
      "source-map" "^0.7.3"
      "vue-template-babel-compiler" "^1.2.0"
  
  "vite@^2.0.0 || ^3.0.0 || ^4.0.0", "vite@^4.0.0", "vite@^4.3.9":
    "integrity" "sha512-qsTNZjO9NoJNW7KnOrgYwczm0WctJ8m/yqYAMAK9Lxt4SoySUfS5S8ia9K7JHpa3KEeMfyF8LoJ3c5NeBJy6pg=="
    "resolved" "https://registry.npmmirror.com/vite/-/vite-4.3.9.tgz"
    "version" "4.3.9"
    dependencies:
      "esbuild" "^0.17.5"
      "postcss" "^8.4.23"
      "rollup" "^3.21.0"
    optionalDependencies:
      "fsevents" "~2.3.2"
  
  "vue-router@3":
    "integrity" "sha512-VYXZQLtjuvKxxcshuRAwjHnciqZVoXAjTjcqBTz4rKc8qih9g9pI3hbDjmqXaHdgL3v8pV6P8Z335XvHzESxLQ=="
    "resolved" "https://registry.npmmirror.com/vue-router/-/vue-router-3.6.5.tgz"
    "version" "3.6.5"
  
  "vue-template-babel-compiler@^1.2.0":
    "integrity" "sha512-CScBSX1/wCdmmZ/Lvj/63p2CCVTS0FMj0F69VRBo73CuJrjvPAPGmeNJ7D/cwt/VS2PduowRWbO8N4Zh4Z3b0g=="
    "resolved" "https://registry.npmmirror.com/vue-template-babel-compiler/-/vue-template-babel-compiler-1.2.0.tgz"
    "version" "1.2.0"
    dependencies:
      "@babel/core" "^7.14.3"
      "@babel/plugin-proposal-nullish-coalescing-operator" "^7.14.5"
      "@babel/plugin-proposal-object-rest-spread" "^7.15.6"
      "@babel/plugin-proposal-optional-chaining" "^7.14.2"
      "@babel/plugin-transform-arrow-functions" "^7.14.5"
      "@babel/plugin-transform-block-scoping" "^7.14.5"
      "@babel/plugin-transform-computed-properties" "^7.14.5"
      "@babel/plugin-transform-destructuring" "^7.14.5"
      "@babel/plugin-transform-parameters" "^7.14.5"
      "@babel/plugin-transform-spread" "^7.14.5"
      "@babel/types" "^7.14.5"
      "deepmerge" "^4.2.2"
  
  "vue-template-compiler@^2.2.0", "vue-template-compiler@^2.6.0", "vue-template-compiler@^2.7.14":
    "integrity" "sha512-zyA5Y3ArvVG0NacJDkkzJuPQDF8RFeRlzV2vLeSnhSpieO6LK2OVbdLPi5MPPs09Ii+gMO8nY4S3iKQxBxDmWQ=="
    "resolved" "https://registry.npmmirror.com/vue-template-compiler/-/vue-template-compiler-2.7.14.tgz"
    "version" "2.7.14"
    dependencies:
      "de-indent" "^1.0.2"
      "he" "^1.2.0"
  
  "vue-template-es2015-compiler@^1.9.0":
    "integrity" "sha512-4gDntzrifFnCEvyoO8PqyJDmguXgVPxKiIxrBKjIowvL9l+N66196+72XVYR8BBf1Uv1Fgt3bGevJ+sEmxfZzw=="
    "resolved" "https://registry.npmmirror.com/vue-template-es2015-compiler/-/vue-template-es2015-compiler-1.9.1.tgz"
    "version" "1.9.1"
  
  "vue@*", "vue@^2.0.0", "vue@^2.5.17", "vue@^3.2.25", "vue@2":
    "integrity" "sha512-b2qkFyOM0kwqWFuQmgd4o+uHGU7T+2z3T+WQp8UBjADfEv2n4FEMffzBmCKNP0IGzOEEfYjvtcC62xaSKeQDrQ=="
    "resolved" "https://registry.npmmirror.com/vue/-/vue-2.7.14.tgz"
    "version" "2.7.14"
    dependencies:
      "@vue/compiler-sfc" "2.7.14"
      "csstype" "^3.1.0"
  
  "vuex@3":
    "integrity" "sha512-ETW44IqCgBpVomy520DT5jf8n0zoCac+sxWnn+hMe/CzaSejb/eVw2YToiXYX+Ex/AuHHia28vWTq4goAexFbw=="
    "resolved" "https://registry.npmmirror.com/vuex/-/vuex-3.6.2.tgz"
    "version" "3.6.2"
  
  "wrappy@1":
    "integrity" "sha512-l4Sp/DRseor9wL6EvV2+TuQn63dMkPjZ/sp9XkghTEbV9KlPS1xUsZ3u7/IQO4wxtcFB4bgpQPRcR3QCvezPcQ=="
    "resolved" "https://registry.npmmirror.com/wrappy/-/wrappy-1.0.2.tgz"
    "version" "1.0.2"
  
  "yallist@^2.1.2":
    "integrity" "sha512-ncTzHV7NvsQZkYe1DW7cbDLm0YpzHmZF5r/iyP3ZnQtMiJ+pjzisCiMNI+Sj+xQF5pXhSHxSB3uDbsBTzY/c2A=="
    "resolved" "https://registry.npmmirror.com/yallist/-/yallist-2.1.2.tgz"
    "version" "2.1.2"
  
  "yallist@^3.0.2":
    "integrity" "sha512-a4UGQaWPH59mOXUYnAG2ewncQS4i4F43Tv3JoAM+s2VDAmS9NsK8GpDMLrCHPksFT7h3K6TOoUNn2pb7RoXx4g=="
    "resolved" "https://registry.npmmirror.com/yallist/-/yallist-3.1.1.tgz"
    "version" "3.1.1"
  
  "zrender@5.4.3":
    "integrity" "sha512-DRUM4ZLnoaT0PBVvGBDO9oWIDBKFdAVieNWxWwK0niYzJCMwGchRk21/hsE+RKkIveH3XHCyvXcJDkgLVvfizQ=="
    "resolved" "https://registry.npmmirror.com/zrender/-/zrender-5.4.3.tgz"
    "version" "5.4.3"
    dependencies:
      "tslib" "2.3.0"
